<?xml version="1.0" encoding="UTF-8"?>
<testsuite xmlns:xsi="http://www.w3.org/2001/XMLSchema-instance" xsi:noNamespaceSchemaLocation="https://maven.apache.org/surefire/maven-surefire-plugin/xsd/surefire-test-report-3.0.xsd" version="3.0" name="com.google.cloud.pso.bq_snapshot_manager.helpers.ControllerExceptionHelperTest" time="0.025" tests="7" errors="0" skipped="0" failures="0">
  <properties>
    <property name="java.specification.version" value="19"/>
    <property name="sun.jnu.encoding" value="UTF-8"/>
    <property name="java.class.path" value="/Users/wadie/Projects/bq-backup-manager/services/library/target/test-classes:/Users/wadie/Projects/bq-backup-manager/services/library/target/classes:/Users/wadie/.m2/repository/org/springframework/boot/spring-boot-starter/2.6.7/spring-boot-starter-2.6.7.jar:/Users/wadie/.m2/repository/org/springframework/boot/spring-boot/2.6.7/spring-boot-2.6.7.jar:/Users/wadie/.m2/repository/org/springframework/spring-context/5.3.19/spring-context-5.3.19.jar:/Users/wadie/.m2/repository/org/springframework/boot/spring-boot-autoconfigure/2.6.7/spring-boot-autoconfigure-2.6.7.jar:/Users/wadie/.m2/repository/org/springframework/boot/spring-boot-starter-logging/2.6.7/spring-boot-starter-logging-2.6.7.jar:/Users/wadie/.m2/repository/org/apache/logging/log4j/log4j-to-slf4j/2.17.2/log4j-to-slf4j-2.17.2.jar:/Users/wadie/.m2/repository/org/apache/logging/log4j/log4j-api/2.17.2/log4j-api-2.17.2.jar:/Users/wadie/.m2/repository/org/slf4j/jul-to-slf4j/1.7.36/jul-to-slf4j-1.7.36.jar:/Users/wadie/.m2/repository/jakarta/annotation/jakarta.annotation-api/1.3.5/jakarta.annotation-api-1.3.5.jar:/Users/wadie/.m2/repository/org/springframework/spring-core/5.3.19/spring-core-5.3.19.jar:/Users/wadie/.m2/repository/org/springframework/spring-jcl/5.3.19/spring-jcl-5.3.19.jar:/Users/wadie/.m2/repository/org/yaml/snakeyaml/1.29/snakeyaml-1.29.jar:/Users/wadie/.m2/repository/org/springframework/boot/spring-boot-starter-test/2.6.7/spring-boot-starter-test-2.6.7.jar:/Users/wadie/.m2/repository/org/springframework/boot/spring-boot-test/2.6.7/spring-boot-test-2.6.7.jar:/Users/wadie/.m2/repository/org/springframework/boot/spring-boot-test-autoconfigure/2.6.7/spring-boot-test-autoconfigure-2.6.7.jar:/Users/wadie/.m2/repository/com/jayway/jsonpath/json-path/2.6.0/json-path-2.6.0.jar:/Users/wadie/.m2/repository/net/minidev/json-smart/2.4.8/json-smart-2.4.8.jar:/Users/wadie/.m2/repository/net/minidev/accessors-smart/2.4.8/accessors-smart-2.4.8.jar:/Users/wadie/.m2/repository/org/ow2/asm/asm/9.1/asm-9.1.jar:/Users/wadie/.m2/repository/jakarta/xml/bind/jakarta.xml.bind-api/2.3.3/jakarta.xml.bind-api-2.3.3.jar:/Users/wadie/.m2/repository/jakarta/activation/jakarta.activation-api/1.2.2/jakarta.activation-api-1.2.2.jar:/Users/wadie/.m2/repository/org/assertj/assertj-core/3.21.0/assertj-core-3.21.0.jar:/Users/wadie/.m2/repository/org/hamcrest/hamcrest/2.2/hamcrest-2.2.jar:/Users/wadie/.m2/repository/org/junit/jupiter/junit-jupiter/5.8.2/junit-jupiter-5.8.2.jar:/Users/wadie/.m2/repository/org/junit/jupiter/junit-jupiter-api/5.8.2/junit-jupiter-api-5.8.2.jar:/Users/wadie/.m2/repository/org/junit/jupiter/junit-jupiter-params/5.8.2/junit-jupiter-params-5.8.2.jar:/Users/wadie/.m2/repository/org/junit/jupiter/junit-jupiter-engine/5.8.2/junit-jupiter-engine-5.8.2.jar:/Users/wadie/.m2/repository/org/mockito/mockito-junit-jupiter/4.0.0/mockito-junit-jupiter-4.0.0.jar:/Users/wadie/.m2/repository/org/skyscreamer/jsonassert/1.5.0/jsonassert-1.5.0.jar:/Users/wadie/.m2/repository/com/vaadin/external/google/android-json/0.0.20131108.vaadin1/android-json-0.0.20131108.vaadin1.jar:/Users/wadie/.m2/repository/org/springframework/spring-test/5.3.19/spring-test-5.3.19.jar:/Users/wadie/.m2/repository/org/xmlunit/xmlunit-core/2.8.4/xmlunit-core-2.8.4.jar:/Users/wadie/.m2/repository/com/google/cloud/google-cloud-storage/2.12.0/google-cloud-storage-2.12.0.jar:/Users/wadie/.m2/repository/com/google/guava/guava/31.1-jre/guava-31.1-jre.jar:/Users/wadie/.m2/repository/com/google/guava/failureaccess/1.0.1/failureaccess-1.0.1.jar:/Users/wadie/.m2/repository/com/google/guava/listenablefuture/9999.0-empty-to-avoid-conflict-with-guava/listenablefuture-9999.0-empty-to-avoid-conflict-with-guava.jar:/Users/wadie/.m2/repository/org/checkerframework/checker-qual/3.25.0/checker-qual-3.25.0.jar:/Users/wadie/.m2/repository/com/google/j2objc/j2objc-annotations/1.3/j2objc-annotations-1.3.jar:/Users/wadie/.m2/repository/com/google/http-client/google-http-client/1.42.2/google-http-client-1.42.2.jar:/Users/wadie/.m2/repository/io/opencensus/opencensus-contrib-http-util/0.31.1/opencensus-contrib-http-util-0.31.1.jar:/Users/wadie/.m2/repository/com/google/http-client/google-http-client-jackson2/1.42.2/google-http-client-jackson2-1.42.2.jar:/Users/wadie/.m2/repository/com/google/api-client/google-api-client/2.0.0/google-api-client-2.0.0.jar:/Users/wadie/.m2/repository/com/google/oauth-client/google-oauth-client/1.34.1/google-oauth-client-1.34.1.jar:/Users/wadie/.m2/repository/com/google/http-client/google-http-client-gson/1.42.2/google-http-client-gson-1.42.2.jar:/Users/wadie/.m2/repository/com/google/http-client/google-http-client-apache-v2/1.42.2/google-http-client-apache-v2-1.42.2.jar:/Users/wadie/.m2/repository/com/google/apis/google-api-services-storage/v1-rev20220705-2.0.0/google-api-services-storage-v1-rev20220705-2.0.0.jar:/Users/wadie/.m2/repository/com/google/code/gson/gson/2.8.9/gson-2.8.9.jar:/Users/wadie/.m2/repository/com/google/cloud/google-cloud-core/2.8.12/google-cloud-core-2.8.12.jar:/Users/wadie/.m2/repository/com/google/auto/value/auto-value-annotations/1.9/auto-value-annotations-1.9.jar:/Users/wadie/.m2/repository/com/google/api/grpc/proto-google-common-protos/2.9.2/proto-google-common-protos-2.9.2.jar:/Users/wadie/.m2/repository/com/google/cloud/google-cloud-core-http/2.8.12/google-cloud-core-http-2.8.12.jar:/Users/wadie/.m2/repository/com/google/http-client/google-http-client-appengine/1.42.2/google-http-client-appengine-1.42.2.jar:/Users/wadie/.m2/repository/com/google/api/gax-httpjson/0.104.1/gax-httpjson-0.104.1.jar:/Users/wadie/.m2/repository/com/google/api/gax/2.19.1/gax-2.19.1.jar:/Users/wadie/.m2/repository/com/google/auth/google-auth-library-credentials/1.11.0/google-auth-library-credentials-1.11.0.jar:/Users/wadie/.m2/repository/com/google/auth/google-auth-library-oauth2-http/1.11.0/google-auth-library-oauth2-http-1.11.0.jar:/Users/wadie/.m2/repository/com/google/api/api-common/2.2.1/api-common-2.2.1.jar:/Users/wadie/.m2/repository/javax/annotation/javax.annotation-api/1.3.2/javax.annotation-api-1.3.2.jar:/Users/wadie/.m2/repository/io/opencensus/opencensus-api/0.31.1/opencensus-api-0.31.1.jar:/Users/wadie/.m2/repository/io/grpc/grpc-context/1.49.0/grpc-context-1.49.0.jar:/Users/wadie/.m2/repository/com/google/api/grpc/proto-google-iam-v1/1.5.2/proto-google-iam-v1-1.5.2.jar:/Users/wadie/.m2/repository/com/google/protobuf/protobuf-java/3.21.6/protobuf-java-3.21.6.jar:/Users/wadie/.m2/repository/com/google/protobuf/protobuf-java-util/3.21.6/protobuf-java-util-3.21.6.jar:/Users/wadie/.m2/repository/org/threeten/threetenbp/1.6.1/threetenbp-1.6.1.jar:/Users/wadie/.m2/repository/com/fasterxml/jackson/core/jackson-core/2.13.2/jackson-core-2.13.2.jar:/Users/wadie/.m2/repository/com/google/code/findbugs/jsr305/3.0.2/jsr305-3.0.2.jar:/Users/wadie/.m2/repository/org/springframework/boot/spring-boot-starter-web/2.6.7/spring-boot-starter-web-2.6.7.jar:/Users/wadie/.m2/repository/org/springframework/boot/spring-boot-starter-json/2.6.7/spring-boot-starter-json-2.6.7.jar:/Users/wadie/.m2/repository/com/fasterxml/jackson/datatype/jackson-datatype-jdk8/2.13.2/jackson-datatype-jdk8-2.13.2.jar:/Users/wadie/.m2/repository/com/fasterxml/jackson/module/jackson-module-parameter-names/2.13.2/jackson-module-parameter-names-2.13.2.jar:/Users/wadie/.m2/repository/org/springframework/boot/spring-boot-starter-tomcat/2.6.7/spring-boot-starter-tomcat-2.6.7.jar:/Users/wadie/.m2/repository/org/apache/tomcat/embed/tomcat-embed-core/9.0.62/tomcat-embed-core-9.0.62.jar:/Users/wadie/.m2/repository/org/apache/tomcat/embed/tomcat-embed-el/9.0.62/tomcat-embed-el-9.0.62.jar:/Users/wadie/.m2/repository/org/apache/tomcat/embed/tomcat-embed-websocket/9.0.62/tomcat-embed-websocket-9.0.62.jar:/Users/wadie/.m2/repository/org/springframework/spring-web/5.3.19/spring-web-5.3.19.jar:/Users/wadie/.m2/repository/org/springframework/spring-beans/5.3.19/spring-beans-5.3.19.jar:/Users/wadie/.m2/repository/org/springframework/spring-webmvc/5.3.19/spring-webmvc-5.3.19.jar:/Users/wadie/.m2/repository/org/springframework/spring-aop/5.3.19/spring-aop-5.3.19.jar:/Users/wadie/.m2/repository/org/springframework/spring-expression/5.3.19/spring-expression-5.3.19.jar:/Users/wadie/.m2/repository/org/apache/commons/commons-lang3/3.12.0/commons-lang3-3.12.0.jar:/Users/wadie/.m2/repository/junit/junit/4.13.2/junit-4.13.2.jar:/Users/wadie/.m2/repository/org/hamcrest/hamcrest-core/2.2/hamcrest-core-2.2.jar:/Users/wadie/.m2/repository/com/google/cloud/google-cloud-pubsub/1.120.16/google-cloud-pubsub-1.120.16.jar:/Users/wadie/.m2/repository/io/grpc/grpc-api/1.49.0/grpc-api-1.49.0.jar:/Users/wadie/.m2/repository/io/grpc/grpc-stub/1.49.0/grpc-stub-1.49.0.jar:/Users/wadie/.m2/repository/io/grpc/grpc-protobuf/1.49.0/grpc-protobuf-1.49.0.jar:/Users/wadie/.m2/repository/io/grpc/grpc-protobuf-lite/1.49.0/grpc-protobuf-lite-1.49.0.jar:/Users/wadie/.m2/repository/com/google/api/grpc/proto-google-cloud-pubsub-v1/1.102.16/proto-google-cloud-pubsub-v1-1.102.16.jar:/Users/wadie/.m2/repository/com/google/api/gax-grpc/2.19.1/gax-grpc-2.19.1.jar:/Users/wadie/.m2/repository/io/grpc/grpc-alts/1.49.0/grpc-alts-1.49.0.jar:/Users/wadie/.m2/repository/io/grpc/grpc-grpclb/1.49.0/grpc-grpclb-1.49.0.jar:/Users/wadie/.m2/repository/org/conscrypt/conscrypt-openjdk-uber/2.5.2/conscrypt-openjdk-uber-2.5.2.jar:/Users/wadie/.m2/repository/io/grpc/grpc-auth/1.49.0/grpc-auth-1.49.0.jar:/Users/wadie/.m2/repository/io/grpc/grpc-netty-shaded/1.49.0/grpc-netty-shaded-1.49.0.jar:/Users/wadie/.m2/repository/io/grpc/grpc-googleapis/1.49.0/grpc-googleapis-1.49.0.jar:/Users/wadie/.m2/repository/io/grpc/grpc-xds/1.49.0/grpc-xds-1.49.0.jar:/Users/wadie/.m2/repository/io/opencensus/opencensus-proto/0.2.0/opencensus-proto-0.2.0.jar:/Users/wadie/.m2/repository/io/grpc/grpc-services/1.49.0/grpc-services-1.49.0.jar:/Users/wadie/.m2/repository/com/google/re2j/re2j/1.6/re2j-1.6.jar:/Users/wadie/.m2/repository/io/grpc/grpc-core/1.49.0/grpc-core-1.49.0.jar:/Users/wadie/.m2/repository/com/google/android/annotations/4.1.1.4/annotations-4.1.1.4.jar:/Users/wadie/.m2/repository/org/codehaus/mojo/animal-sniffer-annotations/1.22/animal-sniffer-annotations-1.22.jar:/Users/wadie/.m2/repository/io/perfmark/perfmark-api/0.25.0/perfmark-api-0.25.0.jar:/Users/wadie/.m2/repository/com/google/errorprone/error_prone_annotations/2.15.0/error_prone_annotations-2.15.0.jar:/Users/wadie/.m2/repository/org/apache/httpcomponents/httpclient/4.5.13/httpclient-4.5.13.jar:/Users/wadie/.m2/repository/commons-logging/commons-logging/1.2/commons-logging-1.2.jar:/Users/wadie/.m2/repository/commons-codec/commons-codec/1.15/commons-codec-1.15.jar:/Users/wadie/.m2/repository/org/apache/httpcomponents/httpcore/4.4.15/httpcore-4.4.15.jar:/Users/wadie/.m2/repository/com/google/cloud/google-cloud-bigquery/2.16.1/google-cloud-bigquery-2.16.1.jar:/Users/wadie/.m2/repository/org/checkerframework/checker-compat-qual/2.5.5/checker-compat-qual-2.5.5.jar:/Users/wadie/.m2/repository/com/google/apis/google-api-services-bigquery/v2-rev20220827-2.0.0/google-api-services-bigquery-v2-rev20220827-2.0.0.jar:/Users/wadie/.m2/repository/org/threeten/threeten-extra/1.7.1/threeten-extra-1.7.1.jar:/Users/wadie/.m2/repository/com/google/cloud/google-cloud-bigquerystorage/2.21.0/google-cloud-bigquerystorage-2.21.0.jar:/Users/wadie/.m2/repository/com/google/auto/value/auto-value/1.9/auto-value-1.9.jar:/Users/wadie/.m2/repository/com/google/api/grpc/proto-google-cloud-bigquerystorage-v1beta1/0.145.0/proto-google-cloud-bigquerystorage-v1beta1-0.145.0.jar:/Users/wadie/.m2/repository/com/google/api/grpc/proto-google-cloud-bigquerystorage-v1beta2/0.145.0/proto-google-cloud-bigquerystorage-v1beta2-0.145.0.jar:/Users/wadie/.m2/repository/org/json/json/20200518/json-20200518.jar:/Users/wadie/.m2/repository/com/google/api/grpc/grpc-google-cloud-bigquerystorage-v1beta1/0.145.0/grpc-google-cloud-bigquerystorage-v1beta1-0.145.0.jar:/Users/wadie/.m2/repository/com/google/api/grpc/grpc-google-cloud-bigquerystorage-v1beta2/0.145.0/grpc-google-cloud-bigquerystorage-v1beta2-0.145.0.jar:/Users/wadie/.m2/repository/com/google/api/grpc/grpc-google-cloud-bigquerystorage-v1/2.21.0/grpc-google-cloud-bigquerystorage-v1-2.21.0.jar:/Users/wadie/.m2/repository/com/google/api/grpc/proto-google-cloud-bigquerystorage-v1/2.21.0/proto-google-cloud-bigquerystorage-v1-2.21.0.jar:/Users/wadie/.m2/repository/org/apache/arrow/arrow-vector/9.0.0/arrow-vector-9.0.0.jar:/Users/wadie/.m2/repository/org/apache/arrow/arrow-format/9.0.0/arrow-format-9.0.0.jar:/Users/wadie/.m2/repository/com/fasterxml/jackson/core/jackson-annotations/2.13.2/jackson-annotations-2.13.2.jar:/Users/wadie/.m2/repository/com/fasterxml/jackson/core/jackson-databind/2.13.2.1/jackson-databind-2.13.2.1.jar:/Users/wadie/.m2/repository/com/fasterxml/jackson/datatype/jackson-datatype-jsr310/2.13.2/jackson-datatype-jsr310-2.13.2.jar:/Users/wadie/.m2/repository/io/netty/netty-common/4.1.76.Final/netty-common-4.1.76.Final.jar:/Users/wadie/.m2/repository/com/google/flatbuffers/flatbuffers-java/1.12.0/flatbuffers-java-1.12.0.jar:/Users/wadie/.m2/repository/org/apache/arrow/arrow-memory-core/9.0.0/arrow-memory-core-9.0.0.jar:/Users/wadie/.m2/repository/org/apache/arrow/arrow-memory-netty/9.0.0/arrow-memory-netty-9.0.0.jar:/Users/wadie/.m2/repository/io/netty/netty-buffer/4.1.76.Final/netty-buffer-4.1.76.Final.jar:/Users/wadie/.m2/repository/com/google/cloud/functions/functions-framework-api/1.0.4/functions-framework-api-1.0.4.jar:/Users/wadie/.m2/repository/io/cloudevents/cloudevents-api/2.0.0.RC2/cloudevents-api-2.0.0.RC2.jar:/Users/wadie/.m2/repository/com/google/cloud/google-cloud-datacatalog/1.9.4/google-cloud-datacatalog-1.9.4.jar:/Users/wadie/.m2/repository/com/google/api/grpc/proto-google-cloud-datacatalog-v1/1.9.4/proto-google-cloud-datacatalog-v1-1.9.4.jar:/Users/wadie/.m2/repository/com/google/api/grpc/proto-google-cloud-datacatalog-v1beta1/0.46.4/proto-google-cloud-datacatalog-v1beta1-0.46.4.jar:/Users/wadie/.m2/repository/com/google/cloud/google-cloud-datastore/2.11.2/google-cloud-datastore-2.11.2.jar:/Users/wadie/.m2/repository/com/google/api/grpc/grpc-google-cloud-datastore-admin-v1/2.11.2/grpc-google-cloud-datastore-admin-v1-2.11.2.jar:/Users/wadie/.m2/repository/com/google/api/grpc/proto-google-cloud-datastore-v1/0.102.2/proto-google-cloud-datastore-v1-0.102.2.jar:/Users/wadie/.m2/repository/com/google/api/grpc/proto-google-cloud-datastore-admin-v1/2.11.2/proto-google-cloud-datastore-admin-v1-2.11.2.jar:/Users/wadie/.m2/repository/com/google/cloud/datastore/datastore-v1-proto-client/2.11.2/datastore-v1-proto-client-2.11.2.jar:/Users/wadie/.m2/repository/com/google/http-client/google-http-client-protobuf/1.42.2/google-http-client-protobuf-1.42.2.jar:/Users/wadie/.m2/repository/com/google/apis/google-api-services-cloudresourcemanager/v3-rev20220828-2.0.0/google-api-services-cloudresourcemanager-v3-rev20220828-2.0.0.jar:/Users/wadie/.m2/repository/com/google/apis/google-api-services-iam/v1-rev20220509-1.32.1/google-api-services-iam-v1-rev20220509-1.32.1.jar:/Users/wadie/.m2/repository/org/mockito/mockito-core/4.5.1/mockito-core-4.5.1.jar:/Users/wadie/.m2/repository/net/bytebuddy/byte-buddy/1.11.22/byte-buddy-1.11.22.jar:/Users/wadie/.m2/repository/net/bytebuddy/byte-buddy-agent/1.11.22/byte-buddy-agent-1.11.22.jar:/Users/wadie/.m2/repository/org/objenesis/objenesis/3.2/objenesis-3.2.jar:/Users/wadie/.m2/repository/org/slf4j/slf4j-api/1.7.36/slf4j-api-1.7.36.jar:/Users/wadie/.m2/repository/net/logstash/logback/logstash-logback-encoder/7.0.1/logstash-logback-encoder-7.0.1.jar:/Users/wadie/.m2/repository/ch/qos/logback/logback-classic/1.2.11/logback-classic-1.2.11.jar:/Users/wadie/.m2/repository/ch/qos/logback/logback-core/1.2.11/logback-core-1.2.11.jar:/Users/wadie/.m2/repository/org/junit/vintage/junit-vintage-engine/5.7.0/junit-vintage-engine-5.7.0.jar:/Users/wadie/.m2/repository/org/apiguardian/apiguardian-api/1.1.0/apiguardian-api-1.1.0.jar:/Users/wadie/.m2/repository/org/junit/platform/junit-platform-engine/1.8.2/junit-platform-engine-1.8.2.jar:/Users/wadie/.m2/repository/org/opentest4j/opentest4j/1.2.0/opentest4j-1.2.0.jar:/Users/wadie/.m2/repository/org/junit/platform/junit-platform-commons/1.8.2/junit-platform-commons-1.8.2.jar:"/>
    <property name="java.vm.vendor" value="Homebrew"/>
    <property name="sun.arch.data.model" value="64"/>
    <property name="java.vendor.url" value="https://github.com/Homebrew/homebrew-core/issues"/>
    <property name="user.timezone" value="Europe/Berlin"/>
    <property name="os.name" value="Mac OS X"/>
    <property name="java.vm.specification.version" value="19"/>
    <property name="sun.java.launcher" value="SUN_STANDARD"/>
    <property name="user.country" value="DE"/>
    <property name="sun.boot.library.path" value="/opt/homebrew/Cellar/openjdk/19/libexec/openjdk.jdk/Contents/Home/lib"/>
    <property name="sun.java.command" value="/Users/wadie/Projects/bq-backup-manager/services/library/target/surefire/surefirebooter-20230615145819953_3.jar /Users/wadie/Projects/bq-backup-manager/services/library/target/surefire 2023-06-15T14-58-19_708-jvmRun1 surefire-20230615145819953_1tmp surefire_0-20230615145819953_2tmp"/>
    <property name="http.nonProxyHosts" value="local|*.local|169.254/16|*.169.254/16"/>
    <property name="jdk.debug" value="release"/>
    <property name="surefire.test.class.path" value="/Users/wadie/Projects/bq-backup-manager/services/library/target/test-classes:/Users/wadie/Projects/bq-backup-manager/services/library/target/classes:/Users/wadie/.m2/repository/org/springframework/boot/spring-boot-starter/2.6.7/spring-boot-starter-2.6.7.jar:/Users/wadie/.m2/repository/org/springframework/boot/spring-boot/2.6.7/spring-boot-2.6.7.jar:/Users/wadie/.m2/repository/org/springframework/spring-context/5.3.19/spring-context-5.3.19.jar:/Users/wadie/.m2/repository/org/springframework/boot/spring-boot-autoconfigure/2.6.7/spring-boot-autoconfigure-2.6.7.jar:/Users/wadie/.m2/repository/org/springframework/boot/spring-boot-starter-logging/2.6.7/spring-boot-starter-logging-2.6.7.jar:/Users/wadie/.m2/repository/org/apache/logging/log4j/log4j-to-slf4j/2.17.2/log4j-to-slf4j-2.17.2.jar:/Users/wadie/.m2/repository/org/apache/logging/log4j/log4j-api/2.17.2/log4j-api-2.17.2.jar:/Users/wadie/.m2/repository/org/slf4j/jul-to-slf4j/1.7.36/jul-to-slf4j-1.7.36.jar:/Users/wadie/.m2/repository/jakarta/annotation/jakarta.annotation-api/1.3.5/jakarta.annotation-api-1.3.5.jar:/Users/wadie/.m2/repository/org/springframework/spring-core/5.3.19/spring-core-5.3.19.jar:/Users/wadie/.m2/repository/org/springframework/spring-jcl/5.3.19/spring-jcl-5.3.19.jar:/Users/wadie/.m2/repository/org/yaml/snakeyaml/1.29/snakeyaml-1.29.jar:/Users/wadie/.m2/repository/org/springframework/boot/spring-boot-starter-test/2.6.7/spring-boot-starter-test-2.6.7.jar:/Users/wadie/.m2/repository/org/springframework/boot/spring-boot-test/2.6.7/spring-boot-test-2.6.7.jar:/Users/wadie/.m2/repository/org/springframework/boot/spring-boot-test-autoconfigure/2.6.7/spring-boot-test-autoconfigure-2.6.7.jar:/Users/wadie/.m2/repository/com/jayway/jsonpath/json-path/2.6.0/json-path-2.6.0.jar:/Users/wadie/.m2/repository/net/minidev/json-smart/2.4.8/json-smart-2.4.8.jar:/Users/wadie/.m2/repository/net/minidev/accessors-smart/2.4.8/accessors-smart-2.4.8.jar:/Users/wadie/.m2/repository/org/ow2/asm/asm/9.1/asm-9.1.jar:/Users/wadie/.m2/repository/jakarta/xml/bind/jakarta.xml.bind-api/2.3.3/jakarta.xml.bind-api-2.3.3.jar:/Users/wadie/.m2/repository/jakarta/activation/jakarta.activation-api/1.2.2/jakarta.activation-api-1.2.2.jar:/Users/wadie/.m2/repository/org/assertj/assertj-core/3.21.0/assertj-core-3.21.0.jar:/Users/wadie/.m2/repository/org/hamcrest/hamcrest/2.2/hamcrest-2.2.jar:/Users/wadie/.m2/repository/org/junit/jupiter/junit-jupiter/5.8.2/junit-jupiter-5.8.2.jar:/Users/wadie/.m2/repository/org/junit/jupiter/junit-jupiter-api/5.8.2/junit-jupiter-api-5.8.2.jar:/Users/wadie/.m2/repository/org/junit/jupiter/junit-jupiter-params/5.8.2/junit-jupiter-params-5.8.2.jar:/Users/wadie/.m2/repository/org/junit/jupiter/junit-jupiter-engine/5.8.2/junit-jupiter-engine-5.8.2.jar:/Users/wadie/.m2/repository/org/mockito/mockito-junit-jupiter/4.0.0/mockito-junit-jupiter-4.0.0.jar:/Users/wadie/.m2/repository/org/skyscreamer/jsonassert/1.5.0/jsonassert-1.5.0.jar:/Users/wadie/.m2/repository/com/vaadin/external/google/android-json/0.0.20131108.vaadin1/android-json-0.0.20131108.vaadin1.jar:/Users/wadie/.m2/repository/org/springframework/spring-test/5.3.19/spring-test-5.3.19.jar:/Users/wadie/.m2/repository/org/xmlunit/xmlunit-core/2.8.4/xmlunit-core-2.8.4.jar:/Users/wadie/.m2/repository/com/google/cloud/google-cloud-storage/2.12.0/google-cloud-storage-2.12.0.jar:/Users/wadie/.m2/repository/com/google/guava/guava/31.1-jre/guava-31.1-jre.jar:/Users/wadie/.m2/repository/com/google/guava/failureaccess/1.0.1/failureaccess-1.0.1.jar:/Users/wadie/.m2/repository/com/google/guava/listenablefuture/9999.0-empty-to-avoid-conflict-with-guava/listenablefuture-9999.0-empty-to-avoid-conflict-with-guava.jar:/Users/wadie/.m2/repository/org/checkerframework/checker-qual/3.25.0/checker-qual-3.25.0.jar:/Users/wadie/.m2/repository/com/google/j2objc/j2objc-annotations/1.3/j2objc-annotations-1.3.jar:/Users/wadie/.m2/repository/com/google/http-client/google-http-client/1.42.2/google-http-client-1.42.2.jar:/Users/wadie/.m2/repository/io/opencensus/opencensus-contrib-http-util/0.31.1/opencensus-contrib-http-util-0.31.1.jar:/Users/wadie/.m2/repository/com/google/http-client/google-http-client-jackson2/1.42.2/google-http-client-jackson2-1.42.2.jar:/Users/wadie/.m2/repository/com/google/api-client/google-api-client/2.0.0/google-api-client-2.0.0.jar:/Users/wadie/.m2/repository/com/google/oauth-client/google-oauth-client/1.34.1/google-oauth-client-1.34.1.jar:/Users/wadie/.m2/repository/com/google/http-client/google-http-client-gson/1.42.2/google-http-client-gson-1.42.2.jar:/Users/wadie/.m2/repository/com/google/http-client/google-http-client-apache-v2/1.42.2/google-http-client-apache-v2-1.42.2.jar:/Users/wadie/.m2/repository/com/google/apis/google-api-services-storage/v1-rev20220705-2.0.0/google-api-services-storage-v1-rev20220705-2.0.0.jar:/Users/wadie/.m2/repository/com/google/code/gson/gson/2.8.9/gson-2.8.9.jar:/Users/wadie/.m2/repository/com/google/cloud/google-cloud-core/2.8.12/google-cloud-core-2.8.12.jar:/Users/wadie/.m2/repository/com/google/auto/value/auto-value-annotations/1.9/auto-value-annotations-1.9.jar:/Users/wadie/.m2/repository/com/google/api/grpc/proto-google-common-protos/2.9.2/proto-google-common-protos-2.9.2.jar:/Users/wadie/.m2/repository/com/google/cloud/google-cloud-core-http/2.8.12/google-cloud-core-http-2.8.12.jar:/Users/wadie/.m2/repository/com/google/http-client/google-http-client-appengine/1.42.2/google-http-client-appengine-1.42.2.jar:/Users/wadie/.m2/repository/com/google/api/gax-httpjson/0.104.1/gax-httpjson-0.104.1.jar:/Users/wadie/.m2/repository/com/google/api/gax/2.19.1/gax-2.19.1.jar:/Users/wadie/.m2/repository/com/google/auth/google-auth-library-credentials/1.11.0/google-auth-library-credentials-1.11.0.jar:/Users/wadie/.m2/repository/com/google/auth/google-auth-library-oauth2-http/1.11.0/google-auth-library-oauth2-http-1.11.0.jar:/Users/wadie/.m2/repository/com/google/api/api-common/2.2.1/api-common-2.2.1.jar:/Users/wadie/.m2/repository/javax/annotation/javax.annotation-api/1.3.2/javax.annotation-api-1.3.2.jar:/Users/wadie/.m2/repository/io/opencensus/opencensus-api/0.31.1/opencensus-api-0.31.1.jar:/Users/wadie/.m2/repository/io/grpc/grpc-context/1.49.0/grpc-context-1.49.0.jar:/Users/wadie/.m2/repository/com/google/api/grpc/proto-google-iam-v1/1.5.2/proto-google-iam-v1-1.5.2.jar:/Users/wadie/.m2/repository/com/google/protobuf/protobuf-java/3.21.6/protobuf-java-3.21.6.jar:/Users/wadie/.m2/repository/com/google/protobuf/protobuf-java-util/3.21.6/protobuf-java-util-3.21.6.jar:/Users/wadie/.m2/repository/org/threeten/threetenbp/1.6.1/threetenbp-1.6.1.jar:/Users/wadie/.m2/repository/com/fasterxml/jackson/core/jackson-core/2.13.2/jackson-core-2.13.2.jar:/Users/wadie/.m2/repository/com/google/code/findbugs/jsr305/3.0.2/jsr305-3.0.2.jar:/Users/wadie/.m2/repository/org/springframework/boot/spring-boot-starter-web/2.6.7/spring-boot-starter-web-2.6.7.jar:/Users/wadie/.m2/repository/org/springframework/boot/spring-boot-starter-json/2.6.7/spring-boot-starter-json-2.6.7.jar:/Users/wadie/.m2/repository/com/fasterxml/jackson/datatype/jackson-datatype-jdk8/2.13.2/jackson-datatype-jdk8-2.13.2.jar:/Users/wadie/.m2/repository/com/fasterxml/jackson/module/jackson-module-parameter-names/2.13.2/jackson-module-parameter-names-2.13.2.jar:/Users/wadie/.m2/repository/org/springframework/boot/spring-boot-starter-tomcat/2.6.7/spring-boot-starter-tomcat-2.6.7.jar:/Users/wadie/.m2/repository/org/apache/tomcat/embed/tomcat-embed-core/9.0.62/tomcat-embed-core-9.0.62.jar:/Users/wadie/.m2/repository/org/apache/tomcat/embed/tomcat-embed-el/9.0.62/tomcat-embed-el-9.0.62.jar:/Users/wadie/.m2/repository/org/apache/tomcat/embed/tomcat-embed-websocket/9.0.62/tomcat-embed-websocket-9.0.62.jar:/Users/wadie/.m2/repository/org/springframework/spring-web/5.3.19/spring-web-5.3.19.jar:/Users/wadie/.m2/repository/org/springframework/spring-beans/5.3.19/spring-beans-5.3.19.jar:/Users/wadie/.m2/repository/org/springframework/spring-webmvc/5.3.19/spring-webmvc-5.3.19.jar:/Users/wadie/.m2/repository/org/springframework/spring-aop/5.3.19/spring-aop-5.3.19.jar:/Users/wadie/.m2/repository/org/springframework/spring-expression/5.3.19/spring-expression-5.3.19.jar:/Users/wadie/.m2/repository/org/apache/commons/commons-lang3/3.12.0/commons-lang3-3.12.0.jar:/Users/wadie/.m2/repository/junit/junit/4.13.2/junit-4.13.2.jar:/Users/wadie/.m2/repository/org/hamcrest/hamcrest-core/2.2/hamcrest-core-2.2.jar:/Users/wadie/.m2/repository/com/google/cloud/google-cloud-pubsub/1.120.16/google-cloud-pubsub-1.120.16.jar:/Users/wadie/.m2/repository/io/grpc/grpc-api/1.49.0/grpc-api-1.49.0.jar:/Users/wadie/.m2/repository/io/grpc/grpc-stub/1.49.0/grpc-stub-1.49.0.jar:/Users/wadie/.m2/repository/io/grpc/grpc-protobuf/1.49.0/grpc-protobuf-1.49.0.jar:/Users/wadie/.m2/repository/io/grpc/grpc-protobuf-lite/1.49.0/grpc-protobuf-lite-1.49.0.jar:/Users/wadie/.m2/repository/com/google/api/grpc/proto-google-cloud-pubsub-v1/1.102.16/proto-google-cloud-pubsub-v1-1.102.16.jar:/Users/wadie/.m2/repository/com/google/api/gax-grpc/2.19.1/gax-grpc-2.19.1.jar:/Users/wadie/.m2/repository/io/grpc/grpc-alts/1.49.0/grpc-alts-1.49.0.jar:/Users/wadie/.m2/repository/io/grpc/grpc-grpclb/1.49.0/grpc-grpclb-1.49.0.jar:/Users/wadie/.m2/repository/org/conscrypt/conscrypt-openjdk-uber/2.5.2/conscrypt-openjdk-uber-2.5.2.jar:/Users/wadie/.m2/repository/io/grpc/grpc-auth/1.49.0/grpc-auth-1.49.0.jar:/Users/wadie/.m2/repository/io/grpc/grpc-netty-shaded/1.49.0/grpc-netty-shaded-1.49.0.jar:/Users/wadie/.m2/repository/io/grpc/grpc-googleapis/1.49.0/grpc-googleapis-1.49.0.jar:/Users/wadie/.m2/repository/io/grpc/grpc-xds/1.49.0/grpc-xds-1.49.0.jar:/Users/wadie/.m2/repository/io/opencensus/opencensus-proto/0.2.0/opencensus-proto-0.2.0.jar:/Users/wadie/.m2/repository/io/grpc/grpc-services/1.49.0/grpc-services-1.49.0.jar:/Users/wadie/.m2/repository/com/google/re2j/re2j/1.6/re2j-1.6.jar:/Users/wadie/.m2/repository/io/grpc/grpc-core/1.49.0/grpc-core-1.49.0.jar:/Users/wadie/.m2/repository/com/google/android/annotations/4.1.1.4/annotations-4.1.1.4.jar:/Users/wadie/.m2/repository/org/codehaus/mojo/animal-sniffer-annotations/1.22/animal-sniffer-annotations-1.22.jar:/Users/wadie/.m2/repository/io/perfmark/perfmark-api/0.25.0/perfmark-api-0.25.0.jar:/Users/wadie/.m2/repository/com/google/errorprone/error_prone_annotations/2.15.0/error_prone_annotations-2.15.0.jar:/Users/wadie/.m2/repository/org/apache/httpcomponents/httpclient/4.5.13/httpclient-4.5.13.jar:/Users/wadie/.m2/repository/commons-logging/commons-logging/1.2/commons-logging-1.2.jar:/Users/wadie/.m2/repository/commons-codec/commons-codec/1.15/commons-codec-1.15.jar:/Users/wadie/.m2/repository/org/apache/httpcomponents/httpcore/4.4.15/httpcore-4.4.15.jar:/Users/wadie/.m2/repository/com/google/cloud/google-cloud-bigquery/2.16.1/google-cloud-bigquery-2.16.1.jar:/Users/wadie/.m2/repository/org/checkerframework/checker-compat-qual/2.5.5/checker-compat-qual-2.5.5.jar:/Users/wadie/.m2/repository/com/google/apis/google-api-services-bigquery/v2-rev20220827-2.0.0/google-api-services-bigquery-v2-rev20220827-2.0.0.jar:/Users/wadie/.m2/repository/org/threeten/threeten-extra/1.7.1/threeten-extra-1.7.1.jar:/Users/wadie/.m2/repository/com/google/cloud/google-cloud-bigquerystorage/2.21.0/google-cloud-bigquerystorage-2.21.0.jar:/Users/wadie/.m2/repository/com/google/auto/value/auto-value/1.9/auto-value-1.9.jar:/Users/wadie/.m2/repository/com/google/api/grpc/proto-google-cloud-bigquerystorage-v1beta1/0.145.0/proto-google-cloud-bigquerystorage-v1beta1-0.145.0.jar:/Users/wadie/.m2/repository/com/google/api/grpc/proto-google-cloud-bigquerystorage-v1beta2/0.145.0/proto-google-cloud-bigquerystorage-v1beta2-0.145.0.jar:/Users/wadie/.m2/repository/org/json/json/20200518/json-20200518.jar:/Users/wadie/.m2/repository/com/google/api/grpc/grpc-google-cloud-bigquerystorage-v1beta1/0.145.0/grpc-google-cloud-bigquerystorage-v1beta1-0.145.0.jar:/Users/wadie/.m2/repository/com/google/api/grpc/grpc-google-cloud-bigquerystorage-v1beta2/0.145.0/grpc-google-cloud-bigquerystorage-v1beta2-0.145.0.jar:/Users/wadie/.m2/repository/com/google/api/grpc/grpc-google-cloud-bigquerystorage-v1/2.21.0/grpc-google-cloud-bigquerystorage-v1-2.21.0.jar:/Users/wadie/.m2/repository/com/google/api/grpc/proto-google-cloud-bigquerystorage-v1/2.21.0/proto-google-cloud-bigquerystorage-v1-2.21.0.jar:/Users/wadie/.m2/repository/org/apache/arrow/arrow-vector/9.0.0/arrow-vector-9.0.0.jar:/Users/wadie/.m2/repository/org/apache/arrow/arrow-format/9.0.0/arrow-format-9.0.0.jar:/Users/wadie/.m2/repository/com/fasterxml/jackson/core/jackson-annotations/2.13.2/jackson-annotations-2.13.2.jar:/Users/wadie/.m2/repository/com/fasterxml/jackson/core/jackson-databind/2.13.2.1/jackson-databind-2.13.2.1.jar:/Users/wadie/.m2/repository/com/fasterxml/jackson/datatype/jackson-datatype-jsr310/2.13.2/jackson-datatype-jsr310-2.13.2.jar:/Users/wadie/.m2/repository/io/netty/netty-common/4.1.76.Final/netty-common-4.1.76.Final.jar:/Users/wadie/.m2/repository/com/google/flatbuffers/flatbuffers-java/1.12.0/flatbuffers-java-1.12.0.jar:/Users/wadie/.m2/repository/org/apache/arrow/arrow-memory-core/9.0.0/arrow-memory-core-9.0.0.jar:/Users/wadie/.m2/repository/org/apache/arrow/arrow-memory-netty/9.0.0/arrow-memory-netty-9.0.0.jar:/Users/wadie/.m2/repository/io/netty/netty-buffer/4.1.76.Final/netty-buffer-4.1.76.Final.jar:/Users/wadie/.m2/repository/com/google/cloud/functions/functions-framework-api/1.0.4/functions-framework-api-1.0.4.jar:/Users/wadie/.m2/repository/io/cloudevents/cloudevents-api/2.0.0.RC2/cloudevents-api-2.0.0.RC2.jar:/Users/wadie/.m2/repository/com/google/cloud/google-cloud-datacatalog/1.9.4/google-cloud-datacatalog-1.9.4.jar:/Users/wadie/.m2/repository/com/google/api/grpc/proto-google-cloud-datacatalog-v1/1.9.4/proto-google-cloud-datacatalog-v1-1.9.4.jar:/Users/wadie/.m2/repository/com/google/api/grpc/proto-google-cloud-datacatalog-v1beta1/0.46.4/proto-google-cloud-datacatalog-v1beta1-0.46.4.jar:/Users/wadie/.m2/repository/com/google/cloud/google-cloud-datastore/2.11.2/google-cloud-datastore-2.11.2.jar:/Users/wadie/.m2/repository/com/google/api/grpc/grpc-google-cloud-datastore-admin-v1/2.11.2/grpc-google-cloud-datastore-admin-v1-2.11.2.jar:/Users/wadie/.m2/repository/com/google/api/grpc/proto-google-cloud-datastore-v1/0.102.2/proto-google-cloud-datastore-v1-0.102.2.jar:/Users/wadie/.m2/repository/com/google/api/grpc/proto-google-cloud-datastore-admin-v1/2.11.2/proto-google-cloud-datastore-admin-v1-2.11.2.jar:/Users/wadie/.m2/repository/com/google/cloud/datastore/datastore-v1-proto-client/2.11.2/datastore-v1-proto-client-2.11.2.jar:/Users/wadie/.m2/repository/com/google/http-client/google-http-client-protobuf/1.42.2/google-http-client-protobuf-1.42.2.jar:/Users/wadie/.m2/repository/com/google/apis/google-api-services-cloudresourcemanager/v3-rev20220828-2.0.0/google-api-services-cloudresourcemanager-v3-rev20220828-2.0.0.jar:/Users/wadie/.m2/repository/com/google/apis/google-api-services-iam/v1-rev20220509-1.32.1/google-api-services-iam-v1-rev20220509-1.32.1.jar:/Users/wadie/.m2/repository/org/mockito/mockito-core/4.5.1/mockito-core-4.5.1.jar:/Users/wadie/.m2/repository/net/bytebuddy/byte-buddy/1.11.22/byte-buddy-1.11.22.jar:/Users/wadie/.m2/repository/net/bytebuddy/byte-buddy-agent/1.11.22/byte-buddy-agent-1.11.22.jar:/Users/wadie/.m2/repository/org/objenesis/objenesis/3.2/objenesis-3.2.jar:/Users/wadie/.m2/repository/org/slf4j/slf4j-api/1.7.36/slf4j-api-1.7.36.jar:/Users/wadie/.m2/repository/net/logstash/logback/logstash-logback-encoder/7.0.1/logstash-logback-encoder-7.0.1.jar:/Users/wadie/.m2/repository/ch/qos/logback/logback-classic/1.2.11/logback-classic-1.2.11.jar:/Users/wadie/.m2/repository/ch/qos/logback/logback-core/1.2.11/logback-core-1.2.11.jar:/Users/wadie/.m2/repository/org/junit/vintage/junit-vintage-engine/5.7.0/junit-vintage-engine-5.7.0.jar:/Users/wadie/.m2/repository/org/apiguardian/apiguardian-api/1.1.0/apiguardian-api-1.1.0.jar:/Users/wadie/.m2/repository/org/junit/platform/junit-platform-engine/1.8.2/junit-platform-engine-1.8.2.jar:/Users/wadie/.m2/repository/org/opentest4j/opentest4j/1.2.0/opentest4j-1.2.0.jar:/Users/wadie/.m2/repository/org/junit/platform/junit-platform-commons/1.8.2/junit-platform-commons-1.8.2.jar:"/>
    <property name="sun.cpu.endian" value="little"/>
    <property name="user.home" value="/Users/wadie"/>
    <property name="user.language" value="en"/>
    <property name="java.specification.vendor" value="Oracle Corporation"/>
    <property name="java.version.date" value="2022-09-20"/>
    <property name="java.home" value="/opt/homebrew/Cellar/openjdk/19/libexec/openjdk.jdk/Contents/Home"/>
    <property name="file.separator" value="/"/>
    <property name="basedir" value="/Users/wadie/Projects/bq-backup-manager/services/library"/>
    <property name="java.vm.compressedOopsMode" value="Zero based"/>
    <property name="line.separator" value="&#10;"/>
    <property name="java.vm.specification.vendor" value="Oracle Corporation"/>
    <property name="java.specification.name" value="Java Platform API Specification"/>
    <property name="apple.awt.application.name" value="ForkedBooter"/>
    <property name="surefire.real.class.path" value="/Users/wadie/Projects/bq-backup-manager/services/library/target/surefire/surefirebooter-20230615145819953_3.jar"/>
    <property name="sun.management.compiler" value="HotSpot 64-Bit Tiered Compilers"/>
    <property name="ftp.nonProxyHosts" value="local|*.local|169.254/16|*.169.254/16"/>
    <property name="java.runtime.version" value="19"/>
    <property name="user.name" value="wadie"/>
    <property name="stdout.encoding" value="US-ASCII"/>
    <property name="path.separator" value=":"/>
    <property name="os.version" value="13.4"/>
    <property name="java.runtime.name" value="OpenJDK Runtime Environment"/>
    <property name="file.encoding" value="UTF-8"/>
    <property name="java.vm.name" value="OpenJDK 64-Bit Server VM"/>
    <property name="java.vendor.version" value="Homebrew"/>
    <property name="localRepository" value="/Users/wadie/.m2/repository"/>
    <property name="java.vendor.url.bug" value="https://github.com/Homebrew/homebrew-core/issues"/>
    <property name="java.io.tmpdir" value="/var/folders/ms/ysjs9c5n0hb14yllzz8pgk9h00k_pq/T/"/>
    <property name="java.version" value="19"/>
    <property name="user.dir" value="/Users/wadie/Projects/bq-backup-manager/services/library"/>
    <property name="os.arch" value="aarch64"/>
    <property name="java.vm.specification.name" value="Java Virtual Machine Specification"/>
    <property name="native.encoding" value="US-ASCII"/>
    <property name="java.library.path" value="/Users/wadie/Library/Java/Extensions:/Library/Java/Extensions:/Network/Library/Java/Extensions:/System/Library/Java/Extensions:/usr/lib/java:."/>
    <property name="java.vm.info" value="mixed mode, sharing"/>
    <property name="stderr.encoding" value="US-ASCII"/>
    <property name="java.vendor" value="Homebrew"/>
    <property name="java.vm.version" value="19"/>
    <property name="sun.io.unicode.encoding" value="UnicodeBig"/>
    <property name="socksNonProxyHosts" value="local|*.local|169.254/16|*.169.254/16"/>
    <property name="java.class.version" value="63.0"/>
  </properties>
  <testcase name="testRetryableRuntimeStatusResourceExhaustedException" classname="com.google.cloud.pso.bq_snapshot_manager.helpers.ControllerExceptionHelperTest" time="0.014">
    <system-out><![CDATA[{"message":"bq_backup_manager | RETRYABLE_EXCEPTIONS_LOG | ControllerExceptionHelperTest | null | resourceExhaustedTracker | Caught a Retryable exception while processing tracker `resourceExhaustedTracker`. Name: io.grpc.StatusRuntimeException. Msg: RESOURCE_EXHAUSTED. Classification Reason: Retryable: 'status' = RESOURCE_EXHAUSTED assignable from StatusRuntimeException.","global_app":"bq_backup_manager","global_logger_name":"ControllerExceptionHelperTest","global_app_log":"RETRYABLE_EXCEPTIONS_LOG","global_tracker":"resourceExhaustedTracker","global_is_dry_run":null,"global_tablespec_project":null,"global_tablespec_dataset":null,"global_tablespec_table":null,"global_run_id":"resourceExhaust","global_msg":"Caught a Retryable exception while processing tracker `resourceExhaustedTracker`. Name: io.grpc.StatusRuntimeException. Msg: RESOURCE_EXHAUSTED. Classification Reason: Retryable: 'status' = RESOURCE_EXHAUSTED assignable from StatusRuntimeException.","severity":"WARN","logging.googleapis.com/trace":"projects/test/traces/resourceExhaustedTracker","retryable_ex_tracking_id":"resourceExhaustedTracker","retryable_ex_name":"io.grpc.StatusRuntimeException","retryable_ex_msg":"io.grpc.StatusRuntimeException: RESOURCE_EXHAUSTED\n\tat com.google.cloud.pso.bq_snapshot_manager.helpers.ControllerExceptionHelperTest.testRetryableRuntimeStatusResourceExhaustedException(ControllerExceptionHelperTest.java:124)\n\tat java.base/jdk.internal.reflect.DirectMethodHandleAccessor.invoke(DirectMethodHandleAccessor.java:104)\n\tat java.base/java.lang.reflect.Method.invoke(Method.java:578)\n\tat org.junit.runners.model.FrameworkMethod$1.runReflectiveCall(FrameworkMethod.java:59)\n\tat org.junit.internal.runners.model.ReflectiveCallable.run(ReflectiveCallable.java:12)\n\tat org.junit.runners.model.FrameworkMethod.invokeExplosively(FrameworkMethod.java:56)\n\tat org.junit.internal.runners.statements.InvokeMethod.evaluate(InvokeMethod.java:17)\n\tat org.junit.runners.ParentRunner$3.evaluate(ParentRunner.java:306)\n\tat org.junit.runners.BlockJUnit4ClassRunner$1.evaluate(BlockJUnit4ClassRunner.java:100)\n\tat org.junit.runners.ParentRunner.runLeaf(ParentRunner.java:366)\n\tat org.junit.runners.BlockJUnit4ClassRunner.runChild(BlockJUnit4ClassRunner.java:103)\n\tat org.junit.runners.BlockJUnit4ClassRunner.runChild(BlockJUnit4ClassRunner.java:63)\n\tat org.junit.runners.ParentRunner$4.run(ParentRunner.java:331)\n\tat org.junit.runners.ParentRunner$1.schedule(ParentRunner.java:79)\n\tat org.junit.runners.ParentRunner.runChildren(ParentRunner.java:329)\n\tat org.junit.runners.ParentRunner.access$100(ParentRunner.java:66)\n\tat org.junit.runners.ParentRunner$2.evaluate(ParentRunner.java:293)\n\tat org.junit.runners.ParentRunner$3.evaluate(ParentRunner.java:306)\n\tat org.junit.runners.ParentRunner.run(ParentRunner.java:413)\n\tat org.junit.runner.JUnitCore.run(JUnitCore.java:137)\n\tat org.junit.runner.JUnitCore.run(JUnitCore.java:115)\n\tat org.junit.vintage.engine.execution.RunnerExecutor.execute(RunnerExecutor.java:43)\n\tat java.base/java.util.stream.ForEachOps$ForEachOp$OfRef.accept(ForEachOps.java:183)\n\tat java.base/java.util.stream.ReferencePipeline$3$1.accept(ReferencePipeline.java:197)\n\tat java.base/java.util.Iterator.forEachRemaining(Iterator.java:133)\n\tat java.base/java.util.Spliterators$IteratorSpliterator.forEachRemaining(Spliterators.java:1921)\n\tat java.base/java.util.stream.AbstractPipeline.copyInto(AbstractPipeline.java:509)\n\tat java.base/java.util.stream.AbstractPipeline.wrapAndCopyInto(AbstractPipeline.java:499)\n\tat java.base/java.util.stream.ForEachOps$ForEachOp.evaluateSequential(ForEachOps.java:150)\n\tat java.base/java.util.stream.ForEachOps$ForEachOp$OfRef.evaluateSequential(ForEachOps.java:173)\n\tat java.base/java.util.stream.AbstractPipeline.evaluate(AbstractPipeline.java:234)\n\tat java.base/java.util.stream.ReferencePipeline.forEach(ReferencePipeline.java:596)\n\tat org.junit.vintage.engine.VintageTestEngine.executeAllChildren(VintageTestEngine.java:82)\n\tat org.junit.vintage.engine.VintageTestEngine.execute(VintageTestEngine.java:73)\n\tat org.junit.platform.launcher.core.EngineExecutionOrchestrator.execute(EngineExecutionOrchestrator.java:107)\n\tat org.junit.platform.launcher.core.EngineExecutionOrchestrator.execute(EngineExecutionOrchestrator.java:88)\n\tat org.junit.platform.launcher.core.EngineExecutionOrchestrator.lambda$execute$0(EngineExecutionOrchestrator.java:54)\n\tat org.junit.platform.launcher.core.EngineExecutionOrchestrator.withInterceptedStreams(EngineExecutionOrchestrator.java:67)\n\tat org.junit.platform.launcher.core.EngineExecutionOrchestrator.execute(EngineExecutionOrchestrator.java:52)\n\tat org.junit.platform.launcher.core.DefaultLauncher.execute(DefaultLauncher.java:114)\n\tat org.junit.platform.launcher.core.DefaultLauncher.execute(DefaultLauncher.java:86)\n\tat org.junit.platform.launcher.core.DefaultLauncherSession$DelegatingLauncher.execute(DefaultLauncherSession.java:86)\n\tat org.apache.maven.surefire.junitplatform.LazyLauncher.execute(LazyLauncher.java:55)\n\tat org.apache.maven.surefire.junitplatform.JUnitPlatformProvider.execute(JUnitPlatformProvider.java:223)\n\tat org.apache.maven.surefire.junitplatform.JUnitPlatformProvider.invokeAllTests(JUnitPlatformProvider.java:175)\n\tat org.apache.maven.surefire.junitplatform.JUnitPlatformProvider.invoke(JUnitPlatformProvider.java:139)\n\tat org.apache.maven.surefire.booter.ForkedBooter.runSuitesInProcess(ForkedBooter.java:456)\n\tat org.apache.maven.surefire.booter.ForkedBooter.execute(ForkedBooter.java:169)\n\tat org.apache.maven.surefire.booter.ForkedBooter.run(ForkedBooter.java:595)\n\tat org.apache.maven.surefire.booter.ForkedBooter.main(ForkedBooter.java:581)\n","retryable_ex_code":null,"retryable_ex_reason":null}
]]></system-out>
    <system-err><![CDATA[io.grpc.StatusRuntimeException: RESOURCE_EXHAUSTED
	at com.google.cloud.pso.bq_snapshot_manager.helpers.ControllerExceptionHelperTest.testRetryableRuntimeStatusResourceExhaustedException(ControllerExceptionHelperTest.java:124)
	at java.base/jdk.internal.reflect.DirectMethodHandleAccessor.invoke(DirectMethodHandleAccessor.java:104)
	at java.base/java.lang.reflect.Method.invoke(Method.java:578)
	at org.junit.runners.model.FrameworkMethod$1.runReflectiveCall(FrameworkMethod.java:59)
	at org.junit.internal.runners.model.ReflectiveCallable.run(ReflectiveCallable.java:12)
	at org.junit.runners.model.FrameworkMethod.invokeExplosively(FrameworkMethod.java:56)
	at org.junit.internal.runners.statements.InvokeMethod.evaluate(InvokeMethod.java:17)
	at org.junit.runners.ParentRunner$3.evaluate(ParentRunner.java:306)
	at org.junit.runners.BlockJUnit4ClassRunner$1.evaluate(BlockJUnit4ClassRunner.java:100)
	at org.junit.runners.ParentRunner.runLeaf(ParentRunner.java:366)
	at org.junit.runners.BlockJUnit4ClassRunner.runChild(BlockJUnit4ClassRunner.java:103)
	at org.junit.runners.BlockJUnit4ClassRunner.runChild(BlockJUnit4ClassRunner.java:63)
	at org.junit.runners.ParentRunner$4.run(ParentRunner.java:331)
	at org.junit.runners.ParentRunner$1.schedule(ParentRunner.java:79)
	at org.junit.runners.ParentRunner.runChildren(ParentRunner.java:329)
	at org.junit.runners.ParentRunner.access$100(ParentRunner.java:66)
	at org.junit.runners.ParentRunner$2.evaluate(ParentRunner.java:293)
	at org.junit.runners.ParentRunner$3.evaluate(ParentRunner.java:306)
	at org.junit.runners.ParentRunner.run(ParentRunner.java:413)
	at org.junit.runner.JUnitCore.run(JUnitCore.java:137)
	at org.junit.runner.JUnitCore.run(JUnitCore.java:115)
	at org.junit.vintage.engine.execution.RunnerExecutor.execute(RunnerExecutor.java:43)
	at java.base/java.util.stream.ForEachOps$ForEachOp$OfRef.accept(ForEachOps.java:183)
	at java.base/java.util.stream.ReferencePipeline$3$1.accept(ReferencePipeline.java:197)
	at java.base/java.util.Iterator.forEachRemaining(Iterator.java:133)
	at java.base/java.util.Spliterators$IteratorSpliterator.forEachRemaining(Spliterators.java:1921)
	at java.base/java.util.stream.AbstractPipeline.copyInto(AbstractPipeline.java:509)
	at java.base/java.util.stream.AbstractPipeline.wrapAndCopyInto(AbstractPipeline.java:499)
	at java.base/java.util.stream.ForEachOps$ForEachOp.evaluateSequential(ForEachOps.java:150)
	at java.base/java.util.stream.ForEachOps$ForEachOp$OfRef.evaluateSequential(ForEachOps.java:173)
	at java.base/java.util.stream.AbstractPipeline.evaluate(AbstractPipeline.java:234)
	at java.base/java.util.stream.ReferencePipeline.forEach(ReferencePipeline.java:596)
	at org.junit.vintage.engine.VintageTestEngine.executeAllChildren(VintageTestEngine.java:82)
	at org.junit.vintage.engine.VintageTestEngine.execute(VintageTestEngine.java:73)
	at org.junit.platform.launcher.core.EngineExecutionOrchestrator.execute(EngineExecutionOrchestrator.java:107)
	at org.junit.platform.launcher.core.EngineExecutionOrchestrator.execute(EngineExecutionOrchestrator.java:88)
	at org.junit.platform.launcher.core.EngineExecutionOrchestrator.lambda$execute$0(EngineExecutionOrchestrator.java:54)
	at org.junit.platform.launcher.core.EngineExecutionOrchestrator.withInterceptedStreams(EngineExecutionOrchestrator.java:67)
	at org.junit.platform.launcher.core.EngineExecutionOrchestrator.execute(EngineExecutionOrchestrator.java:52)
	at org.junit.platform.launcher.core.DefaultLauncher.execute(DefaultLauncher.java:114)
	at org.junit.platform.launcher.core.DefaultLauncher.execute(DefaultLauncher.java:86)
	at org.junit.platform.launcher.core.DefaultLauncherSession$DelegatingLauncher.execute(DefaultLauncherSession.java:86)
	at org.apache.maven.surefire.junitplatform.LazyLauncher.execute(LazyLauncher.java:55)
	at org.apache.maven.surefire.junitplatform.JUnitPlatformProvider.execute(JUnitPlatformProvider.java:223)
	at org.apache.maven.surefire.junitplatform.JUnitPlatformProvider.invokeAllTests(JUnitPlatformProvider.java:175)
	at org.apache.maven.surefire.junitplatform.JUnitPlatformProvider.invoke(JUnitPlatformProvider.java:139)
	at org.apache.maven.surefire.booter.ForkedBooter.runSuitesInProcess(ForkedBooter.java:456)
	at org.apache.maven.surefire.booter.ForkedBooter.execute(ForkedBooter.java:169)
	at org.apache.maven.surefire.booter.ForkedBooter.run(ForkedBooter.java:595)
	at org.apache.maven.surefire.booter.ForkedBooter.main(ForkedBooter.java:581)
]]></system-err>
  </testcase>
  <testcase name="testNonRetryableApiException" classname="com.google.cloud.pso.bq_snapshot_manager.helpers.ControllerExceptionHelperTest" time="0.001">
    <system-out><![CDATA[{"message":"bq_backup_manager | NON_RETRYABLE_EXCEPTIONS_LOG | ControllerExceptionHelperTest | null | nonRetryableTracker | Caught a Non-Retryable exception while processing tracker `nonRetryableTracker`. Name: com.google.api.gax.rpc.ApiException. Msg: java.lang.Exception: Test Non Retryable ApiException.","global_app":"bq_backup_manager","global_logger_name":"ControllerExceptionHelperTest","global_app_log":"NON_RETRYABLE_EXCEPTIONS_LOG","global_tracker":"nonRetryableTracker","global_is_dry_run":null,"global_tablespec_project":null,"global_tablespec_dataset":null,"global_tablespec_table":null,"global_run_id":"nonRetryableTra","global_msg":"Caught a Non-Retryable exception while processing tracker `nonRetryableTracker`. Name: com.google.api.gax.rpc.ApiException. Msg: java.lang.Exception: Test Non Retryable ApiException.","severity":"ERROR","logging.googleapis.com/trace":"projects/test/traces/nonRetryableTracker","non_retryable_ex_tracking_id":"nonRetryableTracker","non_retryable_ex_name":"com.google.api.gax.rpc.ApiException","non_retryable_ex_msg":"com.google.api.gax.rpc.ApiException: java.lang.Exception: Test Non Retryable ApiException\n\tat com.google.cloud.pso.bq_snapshot_manager.helpers.ControllerExceptionHelperTest.testNonRetryableApiException(ControllerExceptionHelperTest.java:73)\n\tat java.base/jdk.internal.reflect.DirectMethodHandleAccessor.invoke(DirectMethodHandleAccessor.java:104)\n\tat java.base/java.lang.reflect.Method.invoke(Method.java:578)\n\tat org.junit.runners.model.FrameworkMethod$1.runReflectiveCall(FrameworkMethod.java:59)\n\tat org.junit.internal.runners.model.ReflectiveCallable.run(ReflectiveCallable.java:12)\n\tat org.junit.runners.model.FrameworkMethod.invokeExplosively(FrameworkMethod.java:56)\n\tat org.junit.internal.runners.statements.InvokeMethod.evaluate(InvokeMethod.java:17)\n\tat org.junit.runners.ParentRunner$3.evaluate(ParentRunner.java:306)\n\tat org.junit.runners.BlockJUnit4ClassRunner$1.evaluate(BlockJUnit4ClassRunner.java:100)\n\tat org.junit.runners.ParentRunner.runLeaf(ParentRunner.java:366)\n\tat org.junit.runners.BlockJUnit4ClassRunner.runChild(BlockJUnit4ClassRunner.java:103)\n\tat org.junit.runners.BlockJUnit4ClassRunner.runChild(BlockJUnit4ClassRunner.java:63)\n\tat org.junit.runners.ParentRunner$4.run(ParentRunner.java:331)\n\tat org.junit.runners.ParentRunner$1.schedule(ParentRunner.java:79)\n\tat org.junit.runners.ParentRunner.runChildren(ParentRunner.java:329)\n\tat org.junit.runners.ParentRunner.access$100(ParentRunner.java:66)\n\tat org.junit.runners.ParentRunner$2.evaluate(ParentRunner.java:293)\n\tat org.junit.runners.ParentRunner$3.evaluate(ParentRunner.java:306)\n\tat org.junit.runners.ParentRunner.run(ParentRunner.java:413)\n\tat org.junit.runner.JUnitCore.run(JUnitCore.java:137)\n\tat org.junit.runner.JUnitCore.run(JUnitCore.java:115)\n\tat org.junit.vintage.engine.execution.RunnerExecutor.execute(RunnerExecutor.java:43)\n\tat java.base/java.util.stream.ForEachOps$ForEachOp$OfRef.accept(ForEachOps.java:183)\n\tat java.base/java.util.stream.ReferencePipeline$3$1.accept(ReferencePipeline.java:197)\n\tat java.base/java.util.Iterator.forEachRemaining(Iterator.java:133)\n\tat java.base/java.util.Spliterators$IteratorSpliterator.forEachRemaining(Spliterators.java:1921)\n\tat java.base/java.util.stream.AbstractPipeline.copyInto(AbstractPipeline.java:509)\n\tat java.base/java.util.stream.AbstractPipeline.wrapAndCopyInto(AbstractPipeline.java:499)\n\tat java.base/java.util.stream.ForEachOps$ForEachOp.evaluateSequential(ForEachOps.java:150)\n\tat java.base/java.util.stream.ForEachOps$ForEachOp$OfRef.evaluateSequential(ForEachOps.java:173)\n\tat java.base/java.util.stream.AbstractPipeline.evaluate(AbstractPipeline.java:234)\n\tat java.base/java.util.stream.ReferencePipeline.forEach(ReferencePipeline.java:596)\n\tat org.junit.vintage.engine.VintageTestEngine.executeAllChildren(VintageTestEngine.java:82)\n\tat org.junit.vintage.engine.VintageTestEngine.execute(VintageTestEngine.java:73)\n\tat org.junit.platform.launcher.core.EngineExecutionOrchestrator.execute(EngineExecutionOrchestrator.java:107)\n\tat org.junit.platform.launcher.core.EngineExecutionOrchestrator.execute(EngineExecutionOrchestrator.java:88)\n\tat org.junit.platform.launcher.core.EngineExecutionOrchestrator.lambda$execute$0(EngineExecutionOrchestrator.java:54)\n\tat org.junit.platform.launcher.core.EngineExecutionOrchestrator.withInterceptedStreams(EngineExecutionOrchestrator.java:67)\n\tat org.junit.platform.launcher.core.EngineExecutionOrchestrator.execute(EngineExecutionOrchestrator.java:52)\n\tat org.junit.platform.launcher.core.DefaultLauncher.execute(DefaultLauncher.java:114)\n\tat org.junit.platform.launcher.core.DefaultLauncher.execute(DefaultLauncher.java:86)\n\tat org.junit.platform.launcher.core.DefaultLauncherSession$DelegatingLauncher.execute(DefaultLauncherSession.java:86)\n\tat org.apache.maven.surefire.junitplatform.LazyLauncher.execute(LazyLauncher.java:55)\n\tat org.apache.maven.surefire.junitplatform.JUnitPlatformProvider.execute(JUnitPlatformProvider.java:223)\n\tat org.apache.maven.surefire.junitplatform.JUnitPlatformProvider.invokeAllTests(JUnitPlatformProvider.java:175)\n\tat org.apache.maven.surefire.junitplatform.JUnitPlatformProvider.invoke(JUnitPlatformProvider.java:139)\n\tat org.apache.maven.surefire.booter.ForkedBooter.runSuitesInProcess(ForkedBooter.java:456)\n\tat org.apache.maven.surefire.booter.ForkedBooter.execute(ForkedBooter.java:169)\n\tat org.apache.maven.surefire.booter.ForkedBooter.run(ForkedBooter.java:595)\n\tat org.apache.maven.surefire.booter.ForkedBooter.main(ForkedBooter.java:581)\nCaused by: java.lang.Exception: Test Non Retryable ApiException\n\t... 50 more\n","non_retryable_ex_code":null,"non_retryable_ex_reason":null}
]]></system-out>
    <system-err><![CDATA[com.google.api.gax.rpc.ApiException: java.lang.Exception: Test Non Retryable ApiException
	at com.google.cloud.pso.bq_snapshot_manager.helpers.ControllerExceptionHelperTest.testNonRetryableApiException(ControllerExceptionHelperTest.java:73)
	at java.base/jdk.internal.reflect.DirectMethodHandleAccessor.invoke(DirectMethodHandleAccessor.java:104)
	at java.base/java.lang.reflect.Method.invoke(Method.java:578)
	at org.junit.runners.model.FrameworkMethod$1.runReflectiveCall(FrameworkMethod.java:59)
	at org.junit.internal.runners.model.ReflectiveCallable.run(ReflectiveCallable.java:12)
	at org.junit.runners.model.FrameworkMethod.invokeExplosively(FrameworkMethod.java:56)
	at org.junit.internal.runners.statements.InvokeMethod.evaluate(InvokeMethod.java:17)
	at org.junit.runners.ParentRunner$3.evaluate(ParentRunner.java:306)
	at org.junit.runners.BlockJUnit4ClassRunner$1.evaluate(BlockJUnit4ClassRunner.java:100)
	at org.junit.runners.ParentRunner.runLeaf(ParentRunner.java:366)
	at org.junit.runners.BlockJUnit4ClassRunner.runChild(BlockJUnit4ClassRunner.java:103)
	at org.junit.runners.BlockJUnit4ClassRunner.runChild(BlockJUnit4ClassRunner.java:63)
	at org.junit.runners.ParentRunner$4.run(ParentRunner.java:331)
	at org.junit.runners.ParentRunner$1.schedule(ParentRunner.java:79)
	at org.junit.runners.ParentRunner.runChildren(ParentRunner.java:329)
	at org.junit.runners.ParentRunner.access$100(ParentRunner.java:66)
	at org.junit.runners.ParentRunner$2.evaluate(ParentRunner.java:293)
	at org.junit.runners.ParentRunner$3.evaluate(ParentRunner.java:306)
	at org.junit.runners.ParentRunner.run(ParentRunner.java:413)
	at org.junit.runner.JUnitCore.run(JUnitCore.java:137)
	at org.junit.runner.JUnitCore.run(JUnitCore.java:115)
	at org.junit.vintage.engine.execution.RunnerExecutor.execute(RunnerExecutor.java:43)
	at java.base/java.util.stream.ForEachOps$ForEachOp$OfRef.accept(ForEachOps.java:183)
	at java.base/java.util.stream.ReferencePipeline$3$1.accept(ReferencePipeline.java:197)
	at java.base/java.util.Iterator.forEachRemaining(Iterator.java:133)
	at java.base/java.util.Spliterators$IteratorSpliterator.forEachRemaining(Spliterators.java:1921)
	at java.base/java.util.stream.AbstractPipeline.copyInto(AbstractPipeline.java:509)
	at java.base/java.util.stream.AbstractPipeline.wrapAndCopyInto(AbstractPipeline.java:499)
	at java.base/java.util.stream.ForEachOps$ForEachOp.evaluateSequential(ForEachOps.java:150)
	at java.base/java.util.stream.ForEachOps$ForEachOp$OfRef.evaluateSequential(ForEachOps.java:173)
	at java.base/java.util.stream.AbstractPipeline.evaluate(AbstractPipeline.java:234)
	at java.base/java.util.stream.ReferencePipeline.forEach(ReferencePipeline.java:596)
	at org.junit.vintage.engine.VintageTestEngine.executeAllChildren(VintageTestEngine.java:82)
	at org.junit.vintage.engine.VintageTestEngine.execute(VintageTestEngine.java:73)
	at org.junit.platform.launcher.core.EngineExecutionOrchestrator.execute(EngineExecutionOrchestrator.java:107)
	at org.junit.platform.launcher.core.EngineExecutionOrchestrator.execute(EngineExecutionOrchestrator.java:88)
	at org.junit.platform.launcher.core.EngineExecutionOrchestrator.lambda$execute$0(EngineExecutionOrchestrator.java:54)
	at org.junit.platform.launcher.core.EngineExecutionOrchestrator.withInterceptedStreams(EngineExecutionOrchestrator.java:67)
	at org.junit.platform.launcher.core.EngineExecutionOrchestrator.execute(EngineExecutionOrchestrator.java:52)
	at org.junit.platform.launcher.core.DefaultLauncher.execute(DefaultLauncher.java:114)
	at org.junit.platform.launcher.core.DefaultLauncher.execute(DefaultLauncher.java:86)
	at org.junit.platform.launcher.core.DefaultLauncherSession$DelegatingLauncher.execute(DefaultLauncherSession.java:86)
	at org.apache.maven.surefire.junitplatform.LazyLauncher.execute(LazyLauncher.java:55)
	at org.apache.maven.surefire.junitplatform.JUnitPlatformProvider.execute(JUnitPlatformProvider.java:223)
	at org.apache.maven.surefire.junitplatform.JUnitPlatformProvider.invokeAllTests(JUnitPlatformProvider.java:175)
	at org.apache.maven.surefire.junitplatform.JUnitPlatformProvider.invoke(JUnitPlatformProvider.java:139)
	at org.apache.maven.surefire.booter.ForkedBooter.runSuitesInProcess(ForkedBooter.java:456)
	at org.apache.maven.surefire.booter.ForkedBooter.execute(ForkedBooter.java:169)
	at org.apache.maven.surefire.booter.ForkedBooter.run(ForkedBooter.java:595)
	at org.apache.maven.surefire.booter.ForkedBooter.main(ForkedBooter.java:581)
Caused by: java.lang.Exception: Test Non Retryable ApiException
	... 50 more
com.google.api.gax.rpc.ApiException: java.lang.Exception: Test Non Retryable ApiException
	at com.google.cloud.pso.bq_snapshot_manager.helpers.ControllerExceptionHelperTest.testNonRetryableApiException(ControllerExceptionHelperTest.java:73)
	at java.base/jdk.internal.reflect.DirectMethodHandleAccessor.invoke(DirectMethodHandleAccessor.java:104)
	at java.base/java.lang.reflect.Method.invoke(Method.java:578)
	at org.junit.runners.model.FrameworkMethod$1.runReflectiveCall(FrameworkMethod.java:59)
	at org.junit.internal.runners.model.ReflectiveCallable.run(ReflectiveCallable.java:12)
	at org.junit.runners.model.FrameworkMethod.invokeExplosively(FrameworkMethod.java:56)
	at org.junit.internal.runners.statements.InvokeMethod.evaluate(InvokeMethod.java:17)
	at org.junit.runners.ParentRunner$3.evaluate(ParentRunner.java:306)
	at org.junit.runners.BlockJUnit4ClassRunner$1.evaluate(BlockJUnit4ClassRunner.java:100)
	at org.junit.runners.ParentRunner.runLeaf(ParentRunner.java:366)
	at org.junit.runners.BlockJUnit4ClassRunner.runChild(BlockJUnit4ClassRunner.java:103)
	at org.junit.runners.BlockJUnit4ClassRunner.runChild(BlockJUnit4ClassRunner.java:63)
	at org.junit.runners.ParentRunner$4.run(ParentRunner.java:331)
	at org.junit.runners.ParentRunner$1.schedule(ParentRunner.java:79)
	at org.junit.runners.ParentRunner.runChildren(ParentRunner.java:329)
	at org.junit.runners.ParentRunner.access$100(ParentRunner.java:66)
	at org.junit.runners.ParentRunner$2.evaluate(ParentRunner.java:293)
	at org.junit.runners.ParentRunner$3.evaluate(ParentRunner.java:306)
	at org.junit.runners.ParentRunner.run(ParentRunner.java:413)
	at org.junit.runner.JUnitCore.run(JUnitCore.java:137)
	at org.junit.runner.JUnitCore.run(JUnitCore.java:115)
	at org.junit.vintage.engine.execution.RunnerExecutor.execute(RunnerExecutor.java:43)
	at java.base/java.util.stream.ForEachOps$ForEachOp$OfRef.accept(ForEachOps.java:183)
	at java.base/java.util.stream.ReferencePipeline$3$1.accept(ReferencePipeline.java:197)
	at java.base/java.util.Iterator.forEachRemaining(Iterator.java:133)
	at java.base/java.util.Spliterators$IteratorSpliterator.forEachRemaining(Spliterators.java:1921)
	at java.base/java.util.stream.AbstractPipeline.copyInto(AbstractPipeline.java:509)
	at java.base/java.util.stream.AbstractPipeline.wrapAndCopyInto(AbstractPipeline.java:499)
	at java.base/java.util.stream.ForEachOps$ForEachOp.evaluateSequential(ForEachOps.java:150)
	at java.base/java.util.stream.ForEachOps$ForEachOp$OfRef.evaluateSequential(ForEachOps.java:173)
	at java.base/java.util.stream.AbstractPipeline.evaluate(AbstractPipeline.java:234)
	at java.base/java.util.stream.ReferencePipeline.forEach(ReferencePipeline.java:596)
	at org.junit.vintage.engine.VintageTestEngine.executeAllChildren(VintageTestEngine.java:82)
	at org.junit.vintage.engine.VintageTestEngine.execute(VintageTestEngine.java:73)
	at org.junit.platform.launcher.core.EngineExecutionOrchestrator.execute(EngineExecutionOrchestrator.java:107)
	at org.junit.platform.launcher.core.EngineExecutionOrchestrator.execute(EngineExecutionOrchestrator.java:88)
	at org.junit.platform.launcher.core.EngineExecutionOrchestrator.lambda$execute$0(EngineExecutionOrchestrator.java:54)
	at org.junit.platform.launcher.core.EngineExecutionOrchestrator.withInterceptedStreams(EngineExecutionOrchestrator.java:67)
	at org.junit.platform.launcher.core.EngineExecutionOrchestrator.execute(EngineExecutionOrchestrator.java:52)
	at org.junit.platform.launcher.core.DefaultLauncher.execute(DefaultLauncher.java:114)
	at org.junit.platform.launcher.core.DefaultLauncher.execute(DefaultLauncher.java:86)
	at org.junit.platform.launcher.core.DefaultLauncherSession$DelegatingLauncher.execute(DefaultLauncherSession.java:86)
	at org.apache.maven.surefire.junitplatform.LazyLauncher.execute(LazyLauncher.java:55)
	at org.apache.maven.surefire.junitplatform.JUnitPlatformProvider.execute(JUnitPlatformProvider.java:223)
	at org.apache.maven.surefire.junitplatform.JUnitPlatformProvider.invokeAllTests(JUnitPlatformProvider.java:175)
	at org.apache.maven.surefire.junitplatform.JUnitPlatformProvider.invoke(JUnitPlatformProvider.java:139)
	at org.apache.maven.surefire.booter.ForkedBooter.runSuitesInProcess(ForkedBooter.java:456)
	at org.apache.maven.surefire.booter.ForkedBooter.execute(ForkedBooter.java:169)
	at org.apache.maven.surefire.booter.ForkedBooter.run(ForkedBooter.java:595)
	at org.apache.maven.surefire.booter.ForkedBooter.main(ForkedBooter.java:581)
Caused by: java.lang.Exception: Test Non Retryable ApiException
	... 50 more
]]></system-err>
  </testcase>
  <testcase name="testRetryableResourceExhaustedException" classname="com.google.cloud.pso.bq_snapshot_manager.helpers.ControllerExceptionHelperTest" time="0.001">
    <system-out><![CDATA[{"message":"bq_backup_manager | RETRYABLE_EXCEPTIONS_LOG | ControllerExceptionHelperTest | null | resourceExhaustedTracker | Caught a Retryable exception while processing tracker `resourceExhaustedTracker`. Name: com.google.api.gax.rpc.ResourceExhaustedException. Msg: resource Exhausted Exception. Classification Reason: Retryable: isAssignableFrom com.google.api.gax.rpc.ResourceExhaustedException .","global_app":"bq_backup_manager","global_logger_name":"ControllerExceptionHelperTest","global_app_log":"RETRYABLE_EXCEPTIONS_LOG","global_tracker":"resourceExhaustedTracker","global_is_dry_run":null,"global_tablespec_project":null,"global_tablespec_dataset":null,"global_tablespec_table":null,"global_run_id":"resourceExhaust","global_msg":"Caught a Retryable exception while processing tracker `resourceExhaustedTracker`. Name: com.google.api.gax.rpc.ResourceExhaustedException. Msg: resource Exhausted Exception. Classification Reason: Retryable: isAssignableFrom com.google.api.gax.rpc.ResourceExhaustedException .","severity":"WARN","logging.googleapis.com/trace":"projects/test/traces/resourceExhaustedTracker","retryable_ex_tracking_id":"resourceExhaustedTracker","retryable_ex_name":"com.google.api.gax.rpc.ResourceExhaustedException","retryable_ex_msg":"com.google.api.gax.rpc.ResourceExhaustedException: resource Exhausted Exception\n\tat com.google.cloud.pso.bq_snapshot_manager.helpers.ControllerExceptionHelperTest.testRetryableResourceExhaustedException(ControllerExceptionHelperTest.java:144)\n\tat java.base/jdk.internal.reflect.DirectMethodHandleAccessor.invoke(DirectMethodHandleAccessor.java:104)\n\tat java.base/java.lang.reflect.Method.invoke(Method.java:578)\n\tat org.junit.runners.model.FrameworkMethod$1.runReflectiveCall(FrameworkMethod.java:59)\n\tat org.junit.internal.runners.model.ReflectiveCallable.run(ReflectiveCallable.java:12)\n\tat org.junit.runners.model.FrameworkMethod.invokeExplosively(FrameworkMethod.java:56)\n\tat org.junit.internal.runners.statements.InvokeMethod.evaluate(InvokeMethod.java:17)\n\tat org.junit.runners.ParentRunner$3.evaluate(ParentRunner.java:306)\n\tat org.junit.runners.BlockJUnit4ClassRunner$1.evaluate(BlockJUnit4ClassRunner.java:100)\n\tat org.junit.runners.ParentRunner.runLeaf(ParentRunner.java:366)\n\tat org.junit.runners.BlockJUnit4ClassRunner.runChild(BlockJUnit4ClassRunner.java:103)\n\tat org.junit.runners.BlockJUnit4ClassRunner.runChild(BlockJUnit4ClassRunner.java:63)\n\tat org.junit.runners.ParentRunner$4.run(ParentRunner.java:331)\n\tat org.junit.runners.ParentRunner$1.schedule(ParentRunner.java:79)\n\tat org.junit.runners.ParentRunner.runChildren(ParentRunner.java:329)\n\tat org.junit.runners.ParentRunner.access$100(ParentRunner.java:66)\n\tat org.junit.runners.ParentRunner$2.evaluate(ParentRunner.java:293)\n\tat org.junit.runners.ParentRunner$3.evaluate(ParentRunner.java:306)\n\tat org.junit.runners.ParentRunner.run(ParentRunner.java:413)\n\tat org.junit.runner.JUnitCore.run(JUnitCore.java:137)\n\tat org.junit.runner.JUnitCore.run(JUnitCore.java:115)\n\tat org.junit.vintage.engine.execution.RunnerExecutor.execute(RunnerExecutor.java:43)\n\tat java.base/java.util.stream.ForEachOps$ForEachOp$OfRef.accept(ForEachOps.java:183)\n\tat java.base/java.util.stream.ReferencePipeline$3$1.accept(ReferencePipeline.java:197)\n\tat java.base/java.util.Iterator.forEachRemaining(Iterator.java:133)\n\tat java.base/java.util.Spliterators$IteratorSpliterator.forEachRemaining(Spliterators.java:1921)\n\tat java.base/java.util.stream.AbstractPipeline.copyInto(AbstractPipeline.java:509)\n\tat java.base/java.util.stream.AbstractPipeline.wrapAndCopyInto(AbstractPipeline.java:499)\n\tat java.base/java.util.stream.ForEachOps$ForEachOp.evaluateSequential(ForEachOps.java:150)\n\tat java.base/java.util.stream.ForEachOps$ForEachOp$OfRef.evaluateSequential(ForEachOps.java:173)\n\tat java.base/java.util.stream.AbstractPipeline.evaluate(AbstractPipeline.java:234)\n\tat java.base/java.util.stream.ReferencePipeline.forEach(ReferencePipeline.java:596)\n\tat org.junit.vintage.engine.VintageTestEngine.executeAllChildren(VintageTestEngine.java:82)\n\tat org.junit.vintage.engine.VintageTestEngine.execute(VintageTestEngine.java:73)\n\tat org.junit.platform.launcher.core.EngineExecutionOrchestrator.execute(EngineExecutionOrchestrator.java:107)\n\tat org.junit.platform.launcher.core.EngineExecutionOrchestrator.execute(EngineExecutionOrchestrator.java:88)\n\tat org.junit.platform.launcher.core.EngineExecutionOrchestrator.lambda$execute$0(EngineExecutionOrchestrator.java:54)\n\tat org.junit.platform.launcher.core.EngineExecutionOrchestrator.withInterceptedStreams(EngineExecutionOrchestrator.java:67)\n\tat org.junit.platform.launcher.core.EngineExecutionOrchestrator.execute(EngineExecutionOrchestrator.java:52)\n\tat org.junit.platform.launcher.core.DefaultLauncher.execute(DefaultLauncher.java:114)\n\tat org.junit.platform.launcher.core.DefaultLauncher.execute(DefaultLauncher.java:86)\n\tat org.junit.platform.launcher.core.DefaultLauncherSession$DelegatingLauncher.execute(DefaultLauncherSession.java:86)\n\tat org.apache.maven.surefire.junitplatform.LazyLauncher.execute(LazyLauncher.java:55)\n\tat org.apache.maven.surefire.junitplatform.JUnitPlatformProvider.execute(JUnitPlatformProvider.java:223)\n\tat org.apache.maven.surefire.junitplatform.JUnitPlatformProvider.invokeAllTests(JUnitPlatformProvider.java:175)\n\tat org.apache.maven.surefire.junitplatform.JUnitPlatformProvider.invoke(JUnitPlatformProvider.java:139)\n\tat org.apache.maven.surefire.booter.ForkedBooter.runSuitesInProcess(ForkedBooter.java:456)\n\tat org.apache.maven.surefire.booter.ForkedBooter.execute(ForkedBooter.java:169)\n\tat org.apache.maven.surefire.booter.ForkedBooter.run(ForkedBooter.java:595)\n\tat org.apache.maven.surefire.booter.ForkedBooter.main(ForkedBooter.java:581)\nCaused by: java.lang.Exception: resource Exhausted Exception\n\t... 50 more\n","retryable_ex_code":null,"retryable_ex_reason":null}
]]></system-out>
    <system-err><![CDATA[com.google.api.gax.rpc.ResourceExhaustedException: resource Exhausted Exception
	at com.google.cloud.pso.bq_snapshot_manager.helpers.ControllerExceptionHelperTest.testRetryableResourceExhaustedException(ControllerExceptionHelperTest.java:144)
	at java.base/jdk.internal.reflect.DirectMethodHandleAccessor.invoke(DirectMethodHandleAccessor.java:104)
	at java.base/java.lang.reflect.Method.invoke(Method.java:578)
	at org.junit.runners.model.FrameworkMethod$1.runReflectiveCall(FrameworkMethod.java:59)
	at org.junit.internal.runners.model.ReflectiveCallable.run(ReflectiveCallable.java:12)
	at org.junit.runners.model.FrameworkMethod.invokeExplosively(FrameworkMethod.java:56)
	at org.junit.internal.runners.statements.InvokeMethod.evaluate(InvokeMethod.java:17)
	at org.junit.runners.ParentRunner$3.evaluate(ParentRunner.java:306)
	at org.junit.runners.BlockJUnit4ClassRunner$1.evaluate(BlockJUnit4ClassRunner.java:100)
	at org.junit.runners.ParentRunner.runLeaf(ParentRunner.java:366)
	at org.junit.runners.BlockJUnit4ClassRunner.runChild(BlockJUnit4ClassRunner.java:103)
	at org.junit.runners.BlockJUnit4ClassRunner.runChild(BlockJUnit4ClassRunner.java:63)
	at org.junit.runners.ParentRunner$4.run(ParentRunner.java:331)
	at org.junit.runners.ParentRunner$1.schedule(ParentRunner.java:79)
	at org.junit.runners.ParentRunner.runChildren(ParentRunner.java:329)
	at org.junit.runners.ParentRunner.access$100(ParentRunner.java:66)
	at org.junit.runners.ParentRunner$2.evaluate(ParentRunner.java:293)
	at org.junit.runners.ParentRunner$3.evaluate(ParentRunner.java:306)
	at org.junit.runners.ParentRunner.run(ParentRunner.java:413)
	at org.junit.runner.JUnitCore.run(JUnitCore.java:137)
	at org.junit.runner.JUnitCore.run(JUnitCore.java:115)
	at org.junit.vintage.engine.execution.RunnerExecutor.execute(RunnerExecutor.java:43)
	at java.base/java.util.stream.ForEachOps$ForEachOp$OfRef.accept(ForEachOps.java:183)
	at java.base/java.util.stream.ReferencePipeline$3$1.accept(ReferencePipeline.java:197)
	at java.base/java.util.Iterator.forEachRemaining(Iterator.java:133)
	at java.base/java.util.Spliterators$IteratorSpliterator.forEachRemaining(Spliterators.java:1921)
	at java.base/java.util.stream.AbstractPipeline.copyInto(AbstractPipeline.java:509)
	at java.base/java.util.stream.AbstractPipeline.wrapAndCopyInto(AbstractPipeline.java:499)
	at java.base/java.util.stream.ForEachOps$ForEachOp.evaluateSequential(ForEachOps.java:150)
	at java.base/java.util.stream.ForEachOps$ForEachOp$OfRef.evaluateSequential(ForEachOps.java:173)
	at java.base/java.util.stream.AbstractPipeline.evaluate(AbstractPipeline.java:234)
	at java.base/java.util.stream.ReferencePipeline.forEach(ReferencePipeline.java:596)
	at org.junit.vintage.engine.VintageTestEngine.executeAllChildren(VintageTestEngine.java:82)
	at org.junit.vintage.engine.VintageTestEngine.execute(VintageTestEngine.java:73)
	at org.junit.platform.launcher.core.EngineExecutionOrchestrator.execute(EngineExecutionOrchestrator.java:107)
	at org.junit.platform.launcher.core.EngineExecutionOrchestrator.execute(EngineExecutionOrchestrator.java:88)
	at org.junit.platform.launcher.core.EngineExecutionOrchestrator.lambda$execute$0(EngineExecutionOrchestrator.java:54)
	at org.junit.platform.launcher.core.EngineExecutionOrchestrator.withInterceptedStreams(EngineExecutionOrchestrator.java:67)
	at org.junit.platform.launcher.core.EngineExecutionOrchestrator.execute(EngineExecutionOrchestrator.java:52)
	at org.junit.platform.launcher.core.DefaultLauncher.execute(DefaultLauncher.java:114)
	at org.junit.platform.launcher.core.DefaultLauncher.execute(DefaultLauncher.java:86)
	at org.junit.platform.launcher.core.DefaultLauncherSession$DelegatingLauncher.execute(DefaultLauncherSession.java:86)
	at org.apache.maven.surefire.junitplatform.LazyLauncher.execute(LazyLauncher.java:55)
	at org.apache.maven.surefire.junitplatform.JUnitPlatformProvider.execute(JUnitPlatformProvider.java:223)
	at org.apache.maven.surefire.junitplatform.JUnitPlatformProvider.invokeAllTests(JUnitPlatformProvider.java:175)
	at org.apache.maven.surefire.junitplatform.JUnitPlatformProvider.invoke(JUnitPlatformProvider.java:139)
	at org.apache.maven.surefire.booter.ForkedBooter.runSuitesInProcess(ForkedBooter.java:456)
	at org.apache.maven.surefire.booter.ForkedBooter.execute(ForkedBooter.java:169)
	at org.apache.maven.surefire.booter.ForkedBooter.run(ForkedBooter.java:595)
	at org.apache.maven.surefire.booter.ForkedBooter.main(ForkedBooter.java:581)
Caused by: java.lang.Exception: resource Exhausted Exception
	... 50 more
]]></system-err>
  </testcase>
  <testcase name="testRetryableApiException" classname="com.google.cloud.pso.bq_snapshot_manager.helpers.ControllerExceptionHelperTest" time="0.002">
    <system-out><![CDATA[{"message":"bq_backup_manager | RETRYABLE_EXCEPTIONS_LOG | ControllerExceptionHelperTest | null | retryableTracker | Caught a Retryable exception while processing tracker `retryableTracker`. Name: com.google.api.gax.rpc.ApiException. Msg: java.lang.Exception: Test Retryable ApiException. Classification Reason: Check: isAssignableFrom BaseServiceException.","global_app":"bq_backup_manager","global_logger_name":"ControllerExceptionHelperTest","global_app_log":"RETRYABLE_EXCEPTIONS_LOG","global_tracker":"retryableTracker","global_is_dry_run":null,"global_tablespec_project":null,"global_tablespec_dataset":null,"global_tablespec_table":null,"global_run_id":"retryableTracke","global_msg":"Caught a Retryable exception while processing tracker `retryableTracker`. Name: com.google.api.gax.rpc.ApiException. Msg: java.lang.Exception: Test Retryable ApiException. Classification Reason: Check: isAssignableFrom BaseServiceException.","severity":"WARN","logging.googleapis.com/trace":"projects/test/traces/retryableTracker","retryable_ex_tracking_id":"retryableTracker","retryable_ex_name":"com.google.api.gax.rpc.ApiException","retryable_ex_msg":"com.google.api.gax.rpc.ApiException: java.lang.Exception: Test Retryable ApiException\n\tat com.google.cloud.pso.bq_snapshot_manager.helpers.ControllerExceptionHelperTest.testRetryableApiException(ControllerExceptionHelperTest.java:42)\n\tat java.base/jdk.internal.reflect.DirectMethodHandleAccessor.invoke(DirectMethodHandleAccessor.java:104)\n\tat java.base/java.lang.reflect.Method.invoke(Method.java:578)\n\tat org.junit.runners.model.FrameworkMethod$1.runReflectiveCall(FrameworkMethod.java:59)\n\tat org.junit.internal.runners.model.ReflectiveCallable.run(ReflectiveCallable.java:12)\n\tat org.junit.runners.model.FrameworkMethod.invokeExplosively(FrameworkMethod.java:56)\n\tat org.junit.internal.runners.statements.InvokeMethod.evaluate(InvokeMethod.java:17)\n\tat org.junit.runners.ParentRunner$3.evaluate(ParentRunner.java:306)\n\tat org.junit.runners.BlockJUnit4ClassRunner$1.evaluate(BlockJUnit4ClassRunner.java:100)\n\tat org.junit.runners.ParentRunner.runLeaf(ParentRunner.java:366)\n\tat org.junit.runners.BlockJUnit4ClassRunner.runChild(BlockJUnit4ClassRunner.java:103)\n\tat org.junit.runners.BlockJUnit4ClassRunner.runChild(BlockJUnit4ClassRunner.java:63)\n\tat org.junit.runners.ParentRunner$4.run(ParentRunner.java:331)\n\tat org.junit.runners.ParentRunner$1.schedule(ParentRunner.java:79)\n\tat org.junit.runners.ParentRunner.runChildren(ParentRunner.java:329)\n\tat org.junit.runners.ParentRunner.access$100(ParentRunner.java:66)\n\tat org.junit.runners.ParentRunner$2.evaluate(ParentRunner.java:293)\n\tat org.junit.runners.ParentRunner$3.evaluate(ParentRunner.java:306)\n\tat org.junit.runners.ParentRunner.run(ParentRunner.java:413)\n\tat org.junit.runner.JUnitCore.run(JUnitCore.java:137)\n\tat org.junit.runner.JUnitCore.run(JUnitCore.java:115)\n\tat org.junit.vintage.engine.execution.RunnerExecutor.execute(RunnerExecutor.java:43)\n\tat java.base/java.util.stream.ForEachOps$ForEachOp$OfRef.accept(ForEachOps.java:183)\n\tat java.base/java.util.stream.ReferencePipeline$3$1.accept(ReferencePipeline.java:197)\n\tat java.base/java.util.Iterator.forEachRemaining(Iterator.java:133)\n\tat java.base/java.util.Spliterators$IteratorSpliterator.forEachRemaining(Spliterators.java:1921)\n\tat java.base/java.util.stream.AbstractPipeline.copyInto(AbstractPipeline.java:509)\n\tat java.base/java.util.stream.AbstractPipeline.wrapAndCopyInto(AbstractPipeline.java:499)\n\tat java.base/java.util.stream.ForEachOps$ForEachOp.evaluateSequential(ForEachOps.java:150)\n\tat java.base/java.util.stream.ForEachOps$ForEachOp$OfRef.evaluateSequential(ForEachOps.java:173)\n\tat java.base/java.util.stream.AbstractPipeline.evaluate(AbstractPipeline.java:234)\n\tat java.base/java.util.stream.ReferencePipeline.forEach(ReferencePipeline.java:596)\n\tat org.junit.vintage.engine.VintageTestEngine.executeAllChildren(VintageTestEngine.java:82)\n\tat org.junit.vintage.engine.VintageTestEngine.execute(VintageTestEngine.java:73)\n\tat org.junit.platform.launcher.core.EngineExecutionOrchestrator.execute(EngineExecutionOrchestrator.java:107)\n\tat org.junit.platform.launcher.core.EngineExecutionOrchestrator.execute(EngineExecutionOrchestrator.java:88)\n\tat org.junit.platform.launcher.core.EngineExecutionOrchestrator.lambda$execute$0(EngineExecutionOrchestrator.java:54)\n\tat org.junit.platform.launcher.core.EngineExecutionOrchestrator.withInterceptedStreams(EngineExecutionOrchestrator.java:67)\n\tat org.junit.platform.launcher.core.EngineExecutionOrchestrator.execute(EngineExecutionOrchestrator.java:52)\n\tat org.junit.platform.launcher.core.DefaultLauncher.execute(DefaultLauncher.java:114)\n\tat org.junit.platform.launcher.core.DefaultLauncher.execute(DefaultLauncher.java:86)\n\tat org.junit.platform.launcher.core.DefaultLauncherSession$DelegatingLauncher.execute(DefaultLauncherSession.java:86)\n\tat org.apache.maven.surefire.junitplatform.LazyLauncher.execute(LazyLauncher.java:55)\n\tat org.apache.maven.surefire.junitplatform.JUnitPlatformProvider.execute(JUnitPlatformProvider.java:223)\n\tat org.apache.maven.surefire.junitplatform.JUnitPlatformProvider.invokeAllTests(JUnitPlatformProvider.java:175)\n\tat org.apache.maven.surefire.junitplatform.JUnitPlatformProvider.invoke(JUnitPlatformProvider.java:139)\n\tat org.apache.maven.surefire.booter.ForkedBooter.runSuitesInProcess(ForkedBooter.java:456)\n\tat org.apache.maven.surefire.booter.ForkedBooter.execute(ForkedBooter.java:169)\n\tat org.apache.maven.surefire.booter.ForkedBooter.run(ForkedBooter.java:595)\n\tat org.apache.maven.surefire.booter.ForkedBooter.main(ForkedBooter.java:581)\nCaused by: java.lang.Exception: Test Retryable ApiException\n\t... 50 more\n","retryable_ex_code":null,"retryable_ex_reason":null}
]]></system-out>
    <system-err><![CDATA[com.google.api.gax.rpc.ApiException: java.lang.Exception: Test Retryable ApiException
	at com.google.cloud.pso.bq_snapshot_manager.helpers.ControllerExceptionHelperTest.testRetryableApiException(ControllerExceptionHelperTest.java:42)
	at java.base/jdk.internal.reflect.DirectMethodHandleAccessor.invoke(DirectMethodHandleAccessor.java:104)
	at java.base/java.lang.reflect.Method.invoke(Method.java:578)
	at org.junit.runners.model.FrameworkMethod$1.runReflectiveCall(FrameworkMethod.java:59)
	at org.junit.internal.runners.model.ReflectiveCallable.run(ReflectiveCallable.java:12)
	at org.junit.runners.model.FrameworkMethod.invokeExplosively(FrameworkMethod.java:56)
	at org.junit.internal.runners.statements.InvokeMethod.evaluate(InvokeMethod.java:17)
	at org.junit.runners.ParentRunner$3.evaluate(ParentRunner.java:306)
	at org.junit.runners.BlockJUnit4ClassRunner$1.evaluate(BlockJUnit4ClassRunner.java:100)
	at org.junit.runners.ParentRunner.runLeaf(ParentRunner.java:366)
	at org.junit.runners.BlockJUnit4ClassRunner.runChild(BlockJUnit4ClassRunner.java:103)
	at org.junit.runners.BlockJUnit4ClassRunner.runChild(BlockJUnit4ClassRunner.java:63)
	at org.junit.runners.ParentRunner$4.run(ParentRunner.java:331)
	at org.junit.runners.ParentRunner$1.schedule(ParentRunner.java:79)
	at org.junit.runners.ParentRunner.runChildren(ParentRunner.java:329)
	at org.junit.runners.ParentRunner.access$100(ParentRunner.java:66)
	at org.junit.runners.ParentRunner$2.evaluate(ParentRunner.java:293)
	at org.junit.runners.ParentRunner$3.evaluate(ParentRunner.java:306)
	at org.junit.runners.ParentRunner.run(ParentRunner.java:413)
	at org.junit.runner.JUnitCore.run(JUnitCore.java:137)
	at org.junit.runner.JUnitCore.run(JUnitCore.java:115)
	at org.junit.vintage.engine.execution.RunnerExecutor.execute(RunnerExecutor.java:43)
	at java.base/java.util.stream.ForEachOps$ForEachOp$OfRef.accept(ForEachOps.java:183)
	at java.base/java.util.stream.ReferencePipeline$3$1.accept(ReferencePipeline.java:197)
	at java.base/java.util.Iterator.forEachRemaining(Iterator.java:133)
	at java.base/java.util.Spliterators$IteratorSpliterator.forEachRemaining(Spliterators.java:1921)
	at java.base/java.util.stream.AbstractPipeline.copyInto(AbstractPipeline.java:509)
	at java.base/java.util.stream.AbstractPipeline.wrapAndCopyInto(AbstractPipeline.java:499)
	at java.base/java.util.stream.ForEachOps$ForEachOp.evaluateSequential(ForEachOps.java:150)
	at java.base/java.util.stream.ForEachOps$ForEachOp$OfRef.evaluateSequential(ForEachOps.java:173)
	at java.base/java.util.stream.AbstractPipeline.evaluate(AbstractPipeline.java:234)
	at java.base/java.util.stream.ReferencePipeline.forEach(ReferencePipeline.java:596)
	at org.junit.vintage.engine.VintageTestEngine.executeAllChildren(VintageTestEngine.java:82)
	at org.junit.vintage.engine.VintageTestEngine.execute(VintageTestEngine.java:73)
	at org.junit.platform.launcher.core.EngineExecutionOrchestrator.execute(EngineExecutionOrchestrator.java:107)
	at org.junit.platform.launcher.core.EngineExecutionOrchestrator.execute(EngineExecutionOrchestrator.java:88)
	at org.junit.platform.launcher.core.EngineExecutionOrchestrator.lambda$execute$0(EngineExecutionOrchestrator.java:54)
	at org.junit.platform.launcher.core.EngineExecutionOrchestrator.withInterceptedStreams(EngineExecutionOrchestrator.java:67)
	at org.junit.platform.launcher.core.EngineExecutionOrchestrator.execute(EngineExecutionOrchestrator.java:52)
	at org.junit.platform.launcher.core.DefaultLauncher.execute(DefaultLauncher.java:114)
	at org.junit.platform.launcher.core.DefaultLauncher.execute(DefaultLauncher.java:86)
	at org.junit.platform.launcher.core.DefaultLauncherSession$DelegatingLauncher.execute(DefaultLauncherSession.java:86)
	at org.apache.maven.surefire.junitplatform.LazyLauncher.execute(LazyLauncher.java:55)
	at org.apache.maven.surefire.junitplatform.JUnitPlatformProvider.execute(JUnitPlatformProvider.java:223)
	at org.apache.maven.surefire.junitplatform.JUnitPlatformProvider.invokeAllTests(JUnitPlatformProvider.java:175)
	at org.apache.maven.surefire.junitplatform.JUnitPlatformProvider.invoke(JUnitPlatformProvider.java:139)
	at org.apache.maven.surefire.booter.ForkedBooter.runSuitesInProcess(ForkedBooter.java:456)
	at org.apache.maven.surefire.booter.ForkedBooter.execute(ForkedBooter.java:169)
	at org.apache.maven.surefire.booter.ForkedBooter.run(ForkedBooter.java:595)
	at org.apache.maven.surefire.booter.ForkedBooter.main(ForkedBooter.java:581)
Caused by: java.lang.Exception: Test Retryable ApiException
	... 50 more
]]></system-err>
  </testcase>
  <testcase name="testNonRetryableException" classname="com.google.cloud.pso.bq_snapshot_manager.helpers.ControllerExceptionHelperTest" time="0.001">
    <system-out><![CDATA[{"message":"bq_backup_manager | NON_RETRYABLE_EXCEPTIONS_LOG | ControllerExceptionHelperTest | null | nonRetryableTracker | Caught a Non-Retryable exception while processing tracker `nonRetryableTracker`. Name: java.lang.IndexOutOfBoundsException. Msg: Testing standard Non Retryable Exception.","global_app":"bq_backup_manager","global_logger_name":"ControllerExceptionHelperTest","global_app_log":"NON_RETRYABLE_EXCEPTIONS_LOG","global_tracker":"nonRetryableTracker","global_is_dry_run":null,"global_tablespec_project":null,"global_tablespec_dataset":null,"global_tablespec_table":null,"global_run_id":"nonRetryableTra","global_msg":"Caught a Non-Retryable exception while processing tracker `nonRetryableTracker`. Name: java.lang.IndexOutOfBoundsException. Msg: Testing standard Non Retryable Exception.","severity":"ERROR","logging.googleapis.com/trace":"projects/test/traces/nonRetryableTracker","non_retryable_ex_tracking_id":"nonRetryableTracker","non_retryable_ex_name":"java.lang.IndexOutOfBoundsException","non_retryable_ex_msg":"java.lang.IndexOutOfBoundsException: Testing standard Non Retryable Exception\n\tat com.google.cloud.pso.bq_snapshot_manager.helpers.ControllerExceptionHelperTest.testNonRetryableException(ControllerExceptionHelperTest.java:205)\n\tat java.base/jdk.internal.reflect.DirectMethodHandleAccessor.invoke(DirectMethodHandleAccessor.java:104)\n\tat java.base/java.lang.reflect.Method.invoke(Method.java:578)\n\tat org.junit.runners.model.FrameworkMethod$1.runReflectiveCall(FrameworkMethod.java:59)\n\tat org.junit.internal.runners.model.ReflectiveCallable.run(ReflectiveCallable.java:12)\n\tat org.junit.runners.model.FrameworkMethod.invokeExplosively(FrameworkMethod.java:56)\n\tat org.junit.internal.runners.statements.InvokeMethod.evaluate(InvokeMethod.java:17)\n\tat org.junit.runners.ParentRunner$3.evaluate(ParentRunner.java:306)\n\tat org.junit.runners.BlockJUnit4ClassRunner$1.evaluate(BlockJUnit4ClassRunner.java:100)\n\tat org.junit.runners.ParentRunner.runLeaf(ParentRunner.java:366)\n\tat org.junit.runners.BlockJUnit4ClassRunner.runChild(BlockJUnit4ClassRunner.java:103)\n\tat org.junit.runners.BlockJUnit4ClassRunner.runChild(BlockJUnit4ClassRunner.java:63)\n\tat org.junit.runners.ParentRunner$4.run(ParentRunner.java:331)\n\tat org.junit.runners.ParentRunner$1.schedule(ParentRunner.java:79)\n\tat org.junit.runners.ParentRunner.runChildren(ParentRunner.java:329)\n\tat org.junit.runners.ParentRunner.access$100(ParentRunner.java:66)\n\tat org.junit.runners.ParentRunner$2.evaluate(ParentRunner.java:293)\n\tat org.junit.runners.ParentRunner$3.evaluate(ParentRunner.java:306)\n\tat org.junit.runners.ParentRunner.run(ParentRunner.java:413)\n\tat org.junit.runner.JUnitCore.run(JUnitCore.java:137)\n\tat org.junit.runner.JUnitCore.run(JUnitCore.java:115)\n\tat org.junit.vintage.engine.execution.RunnerExecutor.execute(RunnerExecutor.java:43)\n\tat java.base/java.util.stream.ForEachOps$ForEachOp$OfRef.accept(ForEachOps.java:183)\n\tat java.base/java.util.stream.ReferencePipeline$3$1.accept(ReferencePipeline.java:197)\n\tat java.base/java.util.Iterator.forEachRemaining(Iterator.java:133)\n\tat java.base/java.util.Spliterators$IteratorSpliterator.forEachRemaining(Spliterators.java:1921)\n\tat java.base/java.util.stream.AbstractPipeline.copyInto(AbstractPipeline.java:509)\n\tat java.base/java.util.stream.AbstractPipeline.wrapAndCopyInto(AbstractPipeline.java:499)\n\tat java.base/java.util.stream.ForEachOps$ForEachOp.evaluateSequential(ForEachOps.java:150)\n\tat java.base/java.util.stream.ForEachOps$ForEachOp$OfRef.evaluateSequential(ForEachOps.java:173)\n\tat java.base/java.util.stream.AbstractPipeline.evaluate(AbstractPipeline.java:234)\n\tat java.base/java.util.stream.ReferencePipeline.forEach(ReferencePipeline.java:596)\n\tat org.junit.vintage.engine.VintageTestEngine.executeAllChildren(VintageTestEngine.java:82)\n\tat org.junit.vintage.engine.VintageTestEngine.execute(VintageTestEngine.java:73)\n\tat org.junit.platform.launcher.core.EngineExecutionOrchestrator.execute(EngineExecutionOrchestrator.java:107)\n\tat org.junit.platform.launcher.core.EngineExecutionOrchestrator.execute(EngineExecutionOrchestrator.java:88)\n\tat org.junit.platform.launcher.core.EngineExecutionOrchestrator.lambda$execute$0(EngineExecutionOrchestrator.java:54)\n\tat org.junit.platform.launcher.core.EngineExecutionOrchestrator.withInterceptedStreams(EngineExecutionOrchestrator.java:67)\n\tat org.junit.platform.launcher.core.EngineExecutionOrchestrator.execute(EngineExecutionOrchestrator.java:52)\n\tat org.junit.platform.launcher.core.DefaultLauncher.execute(DefaultLauncher.java:114)\n\tat org.junit.platform.launcher.core.DefaultLauncher.execute(DefaultLauncher.java:86)\n\tat org.junit.platform.launcher.core.DefaultLauncherSession$DelegatingLauncher.execute(DefaultLauncherSession.java:86)\n\tat org.apache.maven.surefire.junitplatform.LazyLauncher.execute(LazyLauncher.java:55)\n\tat org.apache.maven.surefire.junitplatform.JUnitPlatformProvider.execute(JUnitPlatformProvider.java:223)\n\tat org.apache.maven.surefire.junitplatform.JUnitPlatformProvider.invokeAllTests(JUnitPlatformProvider.java:175)\n\tat org.apache.maven.surefire.junitplatform.JUnitPlatformProvider.invoke(JUnitPlatformProvider.java:139)\n\tat org.apache.maven.surefire.booter.ForkedBooter.runSuitesInProcess(ForkedBooter.java:456)\n\tat org.apache.maven.surefire.booter.ForkedBooter.execute(ForkedBooter.java:169)\n\tat org.apache.maven.surefire.booter.ForkedBooter.run(ForkedBooter.java:595)\n\tat org.apache.maven.surefire.booter.ForkedBooter.main(ForkedBooter.java:581)\n","non_retryable_ex_code":null,"non_retryable_ex_reason":null}
]]></system-out>
    <system-err><![CDATA[java.lang.IndexOutOfBoundsException: Testing standard Non Retryable Exception
	at com.google.cloud.pso.bq_snapshot_manager.helpers.ControllerExceptionHelperTest.testNonRetryableException(ControllerExceptionHelperTest.java:205)
	at java.base/jdk.internal.reflect.DirectMethodHandleAccessor.invoke(DirectMethodHandleAccessor.java:104)
	at java.base/java.lang.reflect.Method.invoke(Method.java:578)
	at org.junit.runners.model.FrameworkMethod$1.runReflectiveCall(FrameworkMethod.java:59)
	at org.junit.internal.runners.model.ReflectiveCallable.run(ReflectiveCallable.java:12)
	at org.junit.runners.model.FrameworkMethod.invokeExplosively(FrameworkMethod.java:56)
	at org.junit.internal.runners.statements.InvokeMethod.evaluate(InvokeMethod.java:17)
	at org.junit.runners.ParentRunner$3.evaluate(ParentRunner.java:306)
	at org.junit.runners.BlockJUnit4ClassRunner$1.evaluate(BlockJUnit4ClassRunner.java:100)
	at org.junit.runners.ParentRunner.runLeaf(ParentRunner.java:366)
	at org.junit.runners.BlockJUnit4ClassRunner.runChild(BlockJUnit4ClassRunner.java:103)
	at org.junit.runners.BlockJUnit4ClassRunner.runChild(BlockJUnit4ClassRunner.java:63)
	at org.junit.runners.ParentRunner$4.run(ParentRunner.java:331)
	at org.junit.runners.ParentRunner$1.schedule(ParentRunner.java:79)
	at org.junit.runners.ParentRunner.runChildren(ParentRunner.java:329)
	at org.junit.runners.ParentRunner.access$100(ParentRunner.java:66)
	at org.junit.runners.ParentRunner$2.evaluate(ParentRunner.java:293)
	at org.junit.runners.ParentRunner$3.evaluate(ParentRunner.java:306)
	at org.junit.runners.ParentRunner.run(ParentRunner.java:413)
	at org.junit.runner.JUnitCore.run(JUnitCore.java:137)
	at org.junit.runner.JUnitCore.run(JUnitCore.java:115)
	at org.junit.vintage.engine.execution.RunnerExecutor.execute(RunnerExecutor.java:43)
	at java.base/java.util.stream.ForEachOps$ForEachOp$OfRef.accept(ForEachOps.java:183)
	at java.base/java.util.stream.ReferencePipeline$3$1.accept(ReferencePipeline.java:197)
	at java.base/java.util.Iterator.forEachRemaining(Iterator.java:133)
	at java.base/java.util.Spliterators$IteratorSpliterator.forEachRemaining(Spliterators.java:1921)
	at java.base/java.util.stream.AbstractPipeline.copyInto(AbstractPipeline.java:509)
	at java.base/java.util.stream.AbstractPipeline.wrapAndCopyInto(AbstractPipeline.java:499)
	at java.base/java.util.stream.ForEachOps$ForEachOp.evaluateSequential(ForEachOps.java:150)
	at java.base/java.util.stream.ForEachOps$ForEachOp$OfRef.evaluateSequential(ForEachOps.java:173)
	at java.base/java.util.stream.AbstractPipeline.evaluate(AbstractPipeline.java:234)
	at java.base/java.util.stream.ReferencePipeline.forEach(ReferencePipeline.java:596)
	at org.junit.vintage.engine.VintageTestEngine.executeAllChildren(VintageTestEngine.java:82)
	at org.junit.vintage.engine.VintageTestEngine.execute(VintageTestEngine.java:73)
	at org.junit.platform.launcher.core.EngineExecutionOrchestrator.execute(EngineExecutionOrchestrator.java:107)
	at org.junit.platform.launcher.core.EngineExecutionOrchestrator.execute(EngineExecutionOrchestrator.java:88)
	at org.junit.platform.launcher.core.EngineExecutionOrchestrator.lambda$execute$0(EngineExecutionOrchestrator.java:54)
	at org.junit.platform.launcher.core.EngineExecutionOrchestrator.withInterceptedStreams(EngineExecutionOrchestrator.java:67)
	at org.junit.platform.launcher.core.EngineExecutionOrchestrator.execute(EngineExecutionOrchestrator.java:52)
	at org.junit.platform.launcher.core.DefaultLauncher.execute(DefaultLauncher.java:114)
	at org.junit.platform.launcher.core.DefaultLauncher.execute(DefaultLauncher.java:86)
	at org.junit.platform.launcher.core.DefaultLauncherSession$DelegatingLauncher.execute(DefaultLauncherSession.java:86)
	at org.apache.maven.surefire.junitplatform.LazyLauncher.execute(LazyLauncher.java:55)
	at org.apache.maven.surefire.junitplatform.JUnitPlatformProvider.execute(JUnitPlatformProvider.java:223)
	at org.apache.maven.surefire.junitplatform.JUnitPlatformProvider.invokeAllTests(JUnitPlatformProvider.java:175)
	at org.apache.maven.surefire.junitplatform.JUnitPlatformProvider.invoke(JUnitPlatformProvider.java:139)
	at org.apache.maven.surefire.booter.ForkedBooter.runSuitesInProcess(ForkedBooter.java:456)
	at org.apache.maven.surefire.booter.ForkedBooter.execute(ForkedBooter.java:169)
	at org.apache.maven.surefire.booter.ForkedBooter.run(ForkedBooter.java:595)
	at org.apache.maven.surefire.booter.ForkedBooter.main(ForkedBooter.java:581)
java.lang.IndexOutOfBoundsException: Testing standard Non Retryable Exception
	at com.google.cloud.pso.bq_snapshot_manager.helpers.ControllerExceptionHelperTest.testNonRetryableException(ControllerExceptionHelperTest.java:205)
	at java.base/jdk.internal.reflect.DirectMethodHandleAccessor.invoke(DirectMethodHandleAccessor.java:104)
	at java.base/java.lang.reflect.Method.invoke(Method.java:578)
	at org.junit.runners.model.FrameworkMethod$1.runReflectiveCall(FrameworkMethod.java:59)
	at org.junit.internal.runners.model.ReflectiveCallable.run(ReflectiveCallable.java:12)
	at org.junit.runners.model.FrameworkMethod.invokeExplosively(FrameworkMethod.java:56)
	at org.junit.internal.runners.statements.InvokeMethod.evaluate(InvokeMethod.java:17)
	at org.junit.runners.ParentRunner$3.evaluate(ParentRunner.java:306)
	at org.junit.runners.BlockJUnit4ClassRunner$1.evaluate(BlockJUnit4ClassRunner.java:100)
	at org.junit.runners.ParentRunner.runLeaf(ParentRunner.java:366)
	at org.junit.runners.BlockJUnit4ClassRunner.runChild(BlockJUnit4ClassRunner.java:103)
	at org.junit.runners.BlockJUnit4ClassRunner.runChild(BlockJUnit4ClassRunner.java:63)
	at org.junit.runners.ParentRunner$4.run(ParentRunner.java:331)
	at org.junit.runners.ParentRunner$1.schedule(ParentRunner.java:79)
	at org.junit.runners.ParentRunner.runChildren(ParentRunner.java:329)
	at org.junit.runners.ParentRunner.access$100(ParentRunner.java:66)
	at org.junit.runners.ParentRunner$2.evaluate(ParentRunner.java:293)
	at org.junit.runners.ParentRunner$3.evaluate(ParentRunner.java:306)
	at org.junit.runners.ParentRunner.run(ParentRunner.java:413)
	at org.junit.runner.JUnitCore.run(JUnitCore.java:137)
	at org.junit.runner.JUnitCore.run(JUnitCore.java:115)
	at org.junit.vintage.engine.execution.RunnerExecutor.execute(RunnerExecutor.java:43)
	at java.base/java.util.stream.ForEachOps$ForEachOp$OfRef.accept(ForEachOps.java:183)
	at java.base/java.util.stream.ReferencePipeline$3$1.accept(ReferencePipeline.java:197)
	at java.base/java.util.Iterator.forEachRemaining(Iterator.java:133)
	at java.base/java.util.Spliterators$IteratorSpliterator.forEachRemaining(Spliterators.java:1921)
	at java.base/java.util.stream.AbstractPipeline.copyInto(AbstractPipeline.java:509)
	at java.base/java.util.stream.AbstractPipeline.wrapAndCopyInto(AbstractPipeline.java:499)
	at java.base/java.util.stream.ForEachOps$ForEachOp.evaluateSequential(ForEachOps.java:150)
	at java.base/java.util.stream.ForEachOps$ForEachOp$OfRef.evaluateSequential(ForEachOps.java:173)
	at java.base/java.util.stream.AbstractPipeline.evaluate(AbstractPipeline.java:234)
	at java.base/java.util.stream.ReferencePipeline.forEach(ReferencePipeline.java:596)
	at org.junit.vintage.engine.VintageTestEngine.executeAllChildren(VintageTestEngine.java:82)
	at org.junit.vintage.engine.VintageTestEngine.execute(VintageTestEngine.java:73)
	at org.junit.platform.launcher.core.EngineExecutionOrchestrator.execute(EngineExecutionOrchestrator.java:107)
	at org.junit.platform.launcher.core.EngineExecutionOrchestrator.execute(EngineExecutionOrchestrator.java:88)
	at org.junit.platform.launcher.core.EngineExecutionOrchestrator.lambda$execute$0(EngineExecutionOrchestrator.java:54)
	at org.junit.platform.launcher.core.EngineExecutionOrchestrator.withInterceptedStreams(EngineExecutionOrchestrator.java:67)
	at org.junit.platform.launcher.core.EngineExecutionOrchestrator.execute(EngineExecutionOrchestrator.java:52)
	at org.junit.platform.launcher.core.DefaultLauncher.execute(DefaultLauncher.java:114)
	at org.junit.platform.launcher.core.DefaultLauncher.execute(DefaultLauncher.java:86)
	at org.junit.platform.launcher.core.DefaultLauncherSession$DelegatingLauncher.execute(DefaultLauncherSession.java:86)
	at org.apache.maven.surefire.junitplatform.LazyLauncher.execute(LazyLauncher.java:55)
	at org.apache.maven.surefire.junitplatform.JUnitPlatformProvider.execute(JUnitPlatformProvider.java:223)
	at org.apache.maven.surefire.junitplatform.JUnitPlatformProvider.invokeAllTests(JUnitPlatformProvider.java:175)
	at org.apache.maven.surefire.junitplatform.JUnitPlatformProvider.invoke(JUnitPlatformProvider.java:139)
	at org.apache.maven.surefire.booter.ForkedBooter.runSuitesInProcess(ForkedBooter.java:456)
	at org.apache.maven.surefire.booter.ForkedBooter.execute(ForkedBooter.java:169)
	at org.apache.maven.surefire.booter.ForkedBooter.run(ForkedBooter.java:595)
	at org.apache.maven.surefire.booter.ForkedBooter.main(ForkedBooter.java:581)
]]></system-err>
  </testcase>
  <testcase name="testRetryableIOException" classname="com.google.cloud.pso.bq_snapshot_manager.helpers.ControllerExceptionHelperTest" time="0">
    <system-out><![CDATA[{"message":"bq_backup_manager | RETRYABLE_EXCEPTIONS_LOG | ControllerExceptionHelperTest | null | retryableTracker | Caught a Retryable exception while processing tracker `retryableTracker`. Name: javax.net.ssl.SSLException. Msg: Testing standard Retryable Exception. Classification Reason: Retryable: isAssignableFrom javax.net.ssl.SSLException .","global_app":"bq_backup_manager","global_logger_name":"ControllerExceptionHelperTest","global_app_log":"RETRYABLE_EXCEPTIONS_LOG","global_tracker":"retryableTracker","global_is_dry_run":null,"global_tablespec_project":null,"global_tablespec_dataset":null,"global_tablespec_table":null,"global_run_id":"retryableTracke","global_msg":"Caught a Retryable exception while processing tracker `retryableTracker`. Name: javax.net.ssl.SSLException. Msg: Testing standard Retryable Exception. Classification Reason: Retryable: isAssignableFrom javax.net.ssl.SSLException .","severity":"WARN","logging.googleapis.com/trace":"projects/test/traces/retryableTracker","retryable_ex_tracking_id":"retryableTracker","retryable_ex_name":"javax.net.ssl.SSLException","retryable_ex_msg":"javax.net.ssl.SSLException: Testing standard Retryable Exception\n\tat com.google.cloud.pso.bq_snapshot_manager.helpers.ControllerExceptionHelperTest.testRetryableIOException(ControllerExceptionHelperTest.java:104)\n\tat java.base/jdk.internal.reflect.DirectMethodHandleAccessor.invoke(DirectMethodHandleAccessor.java:104)\n\tat java.base/java.lang.reflect.Method.invoke(Method.java:578)\n\tat org.junit.runners.model.FrameworkMethod$1.runReflectiveCall(FrameworkMethod.java:59)\n\tat org.junit.internal.runners.model.ReflectiveCallable.run(ReflectiveCallable.java:12)\n\tat org.junit.runners.model.FrameworkMethod.invokeExplosively(FrameworkMethod.java:56)\n\tat org.junit.internal.runners.statements.InvokeMethod.evaluate(InvokeMethod.java:17)\n\tat org.junit.runners.ParentRunner$3.evaluate(ParentRunner.java:306)\n\tat org.junit.runners.BlockJUnit4ClassRunner$1.evaluate(BlockJUnit4ClassRunner.java:100)\n\tat org.junit.runners.ParentRunner.runLeaf(ParentRunner.java:366)\n\tat org.junit.runners.BlockJUnit4ClassRunner.runChild(BlockJUnit4ClassRunner.java:103)\n\tat org.junit.runners.BlockJUnit4ClassRunner.runChild(BlockJUnit4ClassRunner.java:63)\n\tat org.junit.runners.ParentRunner$4.run(ParentRunner.java:331)\n\tat org.junit.runners.ParentRunner$1.schedule(ParentRunner.java:79)\n\tat org.junit.runners.ParentRunner.runChildren(ParentRunner.java:329)\n\tat org.junit.runners.ParentRunner.access$100(ParentRunner.java:66)\n\tat org.junit.runners.ParentRunner$2.evaluate(ParentRunner.java:293)\n\tat org.junit.runners.ParentRunner$3.evaluate(ParentRunner.java:306)\n\tat org.junit.runners.ParentRunner.run(ParentRunner.java:413)\n\tat org.junit.runner.JUnitCore.run(JUnitCore.java:137)\n\tat org.junit.runner.JUnitCore.run(JUnitCore.java:115)\n\tat org.junit.vintage.engine.execution.RunnerExecutor.execute(RunnerExecutor.java:43)\n\tat java.base/java.util.stream.ForEachOps$ForEachOp$OfRef.accept(ForEachOps.java:183)\n\tat java.base/java.util.stream.ReferencePipeline$3$1.accept(ReferencePipeline.java:197)\n\tat java.base/java.util.Iterator.forEachRemaining(Iterator.java:133)\n\tat java.base/java.util.Spliterators$IteratorSpliterator.forEachRemaining(Spliterators.java:1921)\n\tat java.base/java.util.stream.AbstractPipeline.copyInto(AbstractPipeline.java:509)\n\tat java.base/java.util.stream.AbstractPipeline.wrapAndCopyInto(AbstractPipeline.java:499)\n\tat java.base/java.util.stream.ForEachOps$ForEachOp.evaluateSequential(ForEachOps.java:150)\n\tat java.base/java.util.stream.ForEachOps$ForEachOp$OfRef.evaluateSequential(ForEachOps.java:173)\n\tat java.base/java.util.stream.AbstractPipeline.evaluate(AbstractPipeline.java:234)\n\tat java.base/java.util.stream.ReferencePipeline.forEach(ReferencePipeline.java:596)\n\tat org.junit.vintage.engine.VintageTestEngine.executeAllChildren(VintageTestEngine.java:82)\n\tat org.junit.vintage.engine.VintageTestEngine.execute(VintageTestEngine.java:73)\n\tat org.junit.platform.launcher.core.EngineExecutionOrchestrator.execute(EngineExecutionOrchestrator.java:107)\n\tat org.junit.platform.launcher.core.EngineExecutionOrchestrator.execute(EngineExecutionOrchestrator.java:88)\n\tat org.junit.platform.launcher.core.EngineExecutionOrchestrator.lambda$execute$0(EngineExecutionOrchestrator.java:54)\n\tat org.junit.platform.launcher.core.EngineExecutionOrchestrator.withInterceptedStreams(EngineExecutionOrchestrator.java:67)\n\tat org.junit.platform.launcher.core.EngineExecutionOrchestrator.execute(EngineExecutionOrchestrator.java:52)\n\tat org.junit.platform.launcher.core.DefaultLauncher.execute(DefaultLauncher.java:114)\n\tat org.junit.platform.launcher.core.DefaultLauncher.execute(DefaultLauncher.java:86)\n\tat org.junit.platform.launcher.core.DefaultLauncherSession$DelegatingLauncher.execute(DefaultLauncherSession.java:86)\n\tat org.apache.maven.surefire.junitplatform.LazyLauncher.execute(LazyLauncher.java:55)\n\tat org.apache.maven.surefire.junitplatform.JUnitPlatformProvider.execute(JUnitPlatformProvider.java:223)\n\tat org.apache.maven.surefire.junitplatform.JUnitPlatformProvider.invokeAllTests(JUnitPlatformProvider.java:175)\n\tat org.apache.maven.surefire.junitplatform.JUnitPlatformProvider.invoke(JUnitPlatformProvider.java:139)\n\tat org.apache.maven.surefire.booter.ForkedBooter.runSuitesInProcess(ForkedBooter.java:456)\n\tat org.apache.maven.surefire.booter.ForkedBooter.execute(ForkedBooter.java:169)\n\tat org.apache.maven.surefire.booter.ForkedBooter.run(ForkedBooter.java:595)\n\tat org.apache.maven.surefire.booter.ForkedBooter.main(ForkedBooter.java:581)\n","retryable_ex_code":null,"retryable_ex_reason":null}
]]></system-out>
    <system-err><![CDATA[javax.net.ssl.SSLException: Testing standard Retryable Exception
	at com.google.cloud.pso.bq_snapshot_manager.helpers.ControllerExceptionHelperTest.testRetryableIOException(ControllerExceptionHelperTest.java:104)
	at java.base/jdk.internal.reflect.DirectMethodHandleAccessor.invoke(DirectMethodHandleAccessor.java:104)
	at java.base/java.lang.reflect.Method.invoke(Method.java:578)
	at org.junit.runners.model.FrameworkMethod$1.runReflectiveCall(FrameworkMethod.java:59)
	at org.junit.internal.runners.model.ReflectiveCallable.run(ReflectiveCallable.java:12)
	at org.junit.runners.model.FrameworkMethod.invokeExplosively(FrameworkMethod.java:56)
	at org.junit.internal.runners.statements.InvokeMethod.evaluate(InvokeMethod.java:17)
	at org.junit.runners.ParentRunner$3.evaluate(ParentRunner.java:306)
	at org.junit.runners.BlockJUnit4ClassRunner$1.evaluate(BlockJUnit4ClassRunner.java:100)
	at org.junit.runners.ParentRunner.runLeaf(ParentRunner.java:366)
	at org.junit.runners.BlockJUnit4ClassRunner.runChild(BlockJUnit4ClassRunner.java:103)
	at org.junit.runners.BlockJUnit4ClassRunner.runChild(BlockJUnit4ClassRunner.java:63)
	at org.junit.runners.ParentRunner$4.run(ParentRunner.java:331)
	at org.junit.runners.ParentRunner$1.schedule(ParentRunner.java:79)
	at org.junit.runners.ParentRunner.runChildren(ParentRunner.java:329)
	at org.junit.runners.ParentRunner.access$100(ParentRunner.java:66)
	at org.junit.runners.ParentRunner$2.evaluate(ParentRunner.java:293)
	at org.junit.runners.ParentRunner$3.evaluate(ParentRunner.java:306)
	at org.junit.runners.ParentRunner.run(ParentRunner.java:413)
	at org.junit.runner.JUnitCore.run(JUnitCore.java:137)
	at org.junit.runner.JUnitCore.run(JUnitCore.java:115)
	at org.junit.vintage.engine.execution.RunnerExecutor.execute(RunnerExecutor.java:43)
	at java.base/java.util.stream.ForEachOps$ForEachOp$OfRef.accept(ForEachOps.java:183)
	at java.base/java.util.stream.ReferencePipeline$3$1.accept(ReferencePipeline.java:197)
	at java.base/java.util.Iterator.forEachRemaining(Iterator.java:133)
	at java.base/java.util.Spliterators$IteratorSpliterator.forEachRemaining(Spliterators.java:1921)
	at java.base/java.util.stream.AbstractPipeline.copyInto(AbstractPipeline.java:509)
	at java.base/java.util.stream.AbstractPipeline.wrapAndCopyInto(AbstractPipeline.java:499)
	at java.base/java.util.stream.ForEachOps$ForEachOp.evaluateSequential(ForEachOps.java:150)
	at java.base/java.util.stream.ForEachOps$ForEachOp$OfRef.evaluateSequential(ForEachOps.java:173)
	at java.base/java.util.stream.AbstractPipeline.evaluate(AbstractPipeline.java:234)
	at java.base/java.util.stream.ReferencePipeline.forEach(ReferencePipeline.java:596)
	at org.junit.vintage.engine.VintageTestEngine.executeAllChildren(VintageTestEngine.java:82)
	at org.junit.vintage.engine.VintageTestEngine.execute(VintageTestEngine.java:73)
	at org.junit.platform.launcher.core.EngineExecutionOrchestrator.execute(EngineExecutionOrchestrator.java:107)
	at org.junit.platform.launcher.core.EngineExecutionOrchestrator.execute(EngineExecutionOrchestrator.java:88)
	at org.junit.platform.launcher.core.EngineExecutionOrchestrator.lambda$execute$0(EngineExecutionOrchestrator.java:54)
	at org.junit.platform.launcher.core.EngineExecutionOrchestrator.withInterceptedStreams(EngineExecutionOrchestrator.java:67)
	at org.junit.platform.launcher.core.EngineExecutionOrchestrator.execute(EngineExecutionOrchestrator.java:52)
	at org.junit.platform.launcher.core.DefaultLauncher.execute(DefaultLauncher.java:114)
	at org.junit.platform.launcher.core.DefaultLauncher.execute(DefaultLauncher.java:86)
	at org.junit.platform.launcher.core.DefaultLauncherSession$DelegatingLauncher.execute(DefaultLauncherSession.java:86)
	at org.apache.maven.surefire.junitplatform.LazyLauncher.execute(LazyLauncher.java:55)
	at org.apache.maven.surefire.junitplatform.JUnitPlatformProvider.execute(JUnitPlatformProvider.java:223)
	at org.apache.maven.surefire.junitplatform.JUnitPlatformProvider.invokeAllTests(JUnitPlatformProvider.java:175)
	at org.apache.maven.surefire.junitplatform.JUnitPlatformProvider.invoke(JUnitPlatformProvider.java:139)
	at org.apache.maven.surefire.booter.ForkedBooter.runSuitesInProcess(ForkedBooter.java:456)
	at org.apache.maven.surefire.booter.ForkedBooter.execute(ForkedBooter.java:169)
	at org.apache.maven.surefire.booter.ForkedBooter.run(ForkedBooter.java:595)
	at org.apache.maven.surefire.booter.ForkedBooter.main(ForkedBooter.java:581)
]]></system-err>
  </testcase>
  <testcase name="testNestedRetryableException" classname="com.google.cloud.pso.bq_snapshot_manager.helpers.ControllerExceptionHelperTest" time="0.004">
    <system-out><![CDATA[{"message":"bq_backup_manager | RETRYABLE_EXCEPTIONS_LOG | ControllerExceptionHelperTest | null | resourceExhaustedTracker | Caught a Retryable exception while processing tracker `resourceExhaustedTracker`. Name: com.google.cloud.storage.StorageException. Msg: test reason. Classification Reason: Retryable: isAssignableFrom java.net.SocketException .","global_app":"bq_backup_manager","global_logger_name":"ControllerExceptionHelperTest","global_app_log":"RETRYABLE_EXCEPTIONS_LOG","global_tracker":"resourceExhaustedTracker","global_is_dry_run":null,"global_tablespec_project":null,"global_tablespec_dataset":null,"global_tablespec_table":null,"global_run_id":"resourceExhaust","global_msg":"Caught a Retryable exception while processing tracker `resourceExhaustedTracker`. Name: com.google.cloud.storage.StorageException. Msg: test reason. Classification Reason: Retryable: isAssignableFrom java.net.SocketException .","severity":"WARN","logging.googleapis.com/trace":"projects/test/traces/resourceExhaustedTracker","retryable_ex_tracking_id":"resourceExhaustedTracker","retryable_ex_name":"com.google.cloud.storage.StorageException","retryable_ex_msg":"com.google.cloud.storage.StorageException: test reason\n\tat com.google.cloud.pso.bq_snapshot_manager.helpers.ControllerExceptionHelperTest.testNestedRetryableException(ControllerExceptionHelperTest.java:180)\n\tat java.base/jdk.internal.reflect.DirectMethodHandleAccessor.invoke(DirectMethodHandleAccessor.java:104)\n\tat java.base/java.lang.reflect.Method.invoke(Method.java:578)\n\tat org.junit.runners.model.FrameworkMethod$1.runReflectiveCall(FrameworkMethod.java:59)\n\tat org.junit.internal.runners.model.ReflectiveCallable.run(ReflectiveCallable.java:12)\n\tat org.junit.runners.model.FrameworkMethod.invokeExplosively(FrameworkMethod.java:56)\n\tat org.junit.internal.runners.statements.InvokeMethod.evaluate(InvokeMethod.java:17)\n\tat org.junit.runners.ParentRunner$3.evaluate(ParentRunner.java:306)\n\tat org.junit.runners.BlockJUnit4ClassRunner$1.evaluate(BlockJUnit4ClassRunner.java:100)\n\tat org.junit.runners.ParentRunner.runLeaf(ParentRunner.java:366)\n\tat org.junit.runners.BlockJUnit4ClassRunner.runChild(BlockJUnit4ClassRunner.java:103)\n\tat org.junit.runners.BlockJUnit4ClassRunner.runChild(BlockJUnit4ClassRunner.java:63)\n\tat org.junit.runners.ParentRunner$4.run(ParentRunner.java:331)\n\tat org.junit.runners.ParentRunner$1.schedule(ParentRunner.java:79)\n\tat org.junit.runners.ParentRunner.runChildren(ParentRunner.java:329)\n\tat org.junit.runners.ParentRunner.access$100(ParentRunner.java:66)\n\tat org.junit.runners.ParentRunner$2.evaluate(ParentRunner.java:293)\n\tat org.junit.runners.ParentRunner$3.evaluate(ParentRunner.java:306)\n\tat org.junit.runners.ParentRunner.run(ParentRunner.java:413)\n\tat org.junit.runner.JUnitCore.run(JUnitCore.java:137)\n\tat org.junit.runner.JUnitCore.run(JUnitCore.java:115)\n\tat org.junit.vintage.engine.execution.RunnerExecutor.execute(RunnerExecutor.java:43)\n\tat java.base/java.util.stream.ForEachOps$ForEachOp$OfRef.accept(ForEachOps.java:183)\n\tat java.base/java.util.stream.ReferencePipeline$3$1.accept(ReferencePipeline.java:197)\n\tat java.base/java.util.Iterator.forEachRemaining(Iterator.java:133)\n\tat java.base/java.util.Spliterators$IteratorSpliterator.forEachRemaining(Spliterators.java:1921)\n\tat java.base/java.util.stream.AbstractPipeline.copyInto(AbstractPipeline.java:509)\n\tat java.base/java.util.stream.AbstractPipeline.wrapAndCopyInto(AbstractPipeline.java:499)\n\tat java.base/java.util.stream.ForEachOps$ForEachOp.evaluateSequential(ForEachOps.java:150)\n\tat java.base/java.util.stream.ForEachOps$ForEachOp$OfRef.evaluateSequential(ForEachOps.java:173)\n\tat java.base/java.util.stream.AbstractPipeline.evaluate(AbstractPipeline.java:234)\n\tat java.base/java.util.stream.ReferencePipeline.forEach(ReferencePipeline.java:596)\n\tat org.junit.vintage.engine.VintageTestEngine.executeAllChildren(VintageTestEngine.java:82)\n\tat org.junit.vintage.engine.VintageTestEngine.execute(VintageTestEngine.java:73)\n\tat org.junit.platform.launcher.core.EngineExecutionOrchestrator.execute(EngineExecutionOrchestrator.java:107)\n\tat org.junit.platform.launcher.core.EngineExecutionOrchestrator.execute(EngineExecutionOrchestrator.java:88)\n\tat org.junit.platform.launcher.core.EngineExecutionOrchestrator.lambda$execute$0(EngineExecutionOrchestrator.java:54)\n\tat org.junit.platform.launcher.core.EngineExecutionOrchestrator.withInterceptedStreams(EngineExecutionOrchestrator.java:67)\n\tat org.junit.platform.launcher.core.EngineExecutionOrchestrator.execute(EngineExecutionOrchestrator.java:52)\n\tat org.junit.platform.launcher.core.DefaultLauncher.execute(DefaultLauncher.java:114)\n\tat org.junit.platform.launcher.core.DefaultLauncher.execute(DefaultLauncher.java:86)\n\tat org.junit.platform.launcher.core.DefaultLauncherSession$DelegatingLauncher.execute(DefaultLauncherSession.java:86)\n\tat org.apache.maven.surefire.junitplatform.LazyLauncher.execute(LazyLauncher.java:55)\n\tat org.apache.maven.surefire.junitplatform.JUnitPlatformProvider.execute(JUnitPlatformProvider.java:223)\n\tat org.apache.maven.surefire.junitplatform.JUnitPlatformProvider.invokeAllTests(JUnitPlatformProvider.java:175)\n\tat org.apache.maven.surefire.junitplatform.JUnitPlatformProvider.invoke(JUnitPlatformProvider.java:139)\n\tat org.apache.maven.surefire.booter.ForkedBooter.runSuitesInProcess(ForkedBooter.java:456)\n\tat org.apache.maven.surefire.booter.ForkedBooter.execute(ForkedBooter.java:169)\n\tat org.apache.maven.surefire.booter.ForkedBooter.run(ForkedBooter.java:595)\n\tat org.apache.maven.surefire.booter.ForkedBooter.main(ForkedBooter.java:581)\nCaused by: java.net.SocketException: test socket exception\n\tat com.google.cloud.pso.bq_snapshot_manager.helpers.ControllerExceptionHelperTest.testNestedRetryableException(ControllerExceptionHelperTest.java:177)\n\t... 49 more\n","retryable_ex_code":null,"retryable_ex_reason":null}
]]></system-out>
    <system-err><![CDATA[com.google.cloud.storage.StorageException: test reason
	at com.google.cloud.pso.bq_snapshot_manager.helpers.ControllerExceptionHelperTest.testNestedRetryableException(ControllerExceptionHelperTest.java:180)
	at java.base/jdk.internal.reflect.DirectMethodHandleAccessor.invoke(DirectMethodHandleAccessor.java:104)
	at java.base/java.lang.reflect.Method.invoke(Method.java:578)
	at org.junit.runners.model.FrameworkMethod$1.runReflectiveCall(FrameworkMethod.java:59)
	at org.junit.internal.runners.model.ReflectiveCallable.run(ReflectiveCallable.java:12)
	at org.junit.runners.model.FrameworkMethod.invokeExplosively(FrameworkMethod.java:56)
	at org.junit.internal.runners.statements.InvokeMethod.evaluate(InvokeMethod.java:17)
	at org.junit.runners.ParentRunner$3.evaluate(ParentRunner.java:306)
	at org.junit.runners.BlockJUnit4ClassRunner$1.evaluate(BlockJUnit4ClassRunner.java:100)
	at org.junit.runners.ParentRunner.runLeaf(ParentRunner.java:366)
	at org.junit.runners.BlockJUnit4ClassRunner.runChild(BlockJUnit4ClassRunner.java:103)
	at org.junit.runners.BlockJUnit4ClassRunner.runChild(BlockJUnit4ClassRunner.java:63)
	at org.junit.runners.ParentRunner$4.run(ParentRunner.java:331)
	at org.junit.runners.ParentRunner$1.schedule(ParentRunner.java:79)
	at org.junit.runners.ParentRunner.runChildren(ParentRunner.java:329)
	at org.junit.runners.ParentRunner.access$100(ParentRunner.java:66)
	at org.junit.runners.ParentRunner$2.evaluate(ParentRunner.java:293)
	at org.junit.runners.ParentRunner$3.evaluate(ParentRunner.java:306)
	at org.junit.runners.ParentRunner.run(ParentRunner.java:413)
	at org.junit.runner.JUnitCore.run(JUnitCore.java:137)
	at org.junit.runner.JUnitCore.run(JUnitCore.java:115)
	at org.junit.vintage.engine.execution.RunnerExecutor.execute(RunnerExecutor.java:43)
	at java.base/java.util.stream.ForEachOps$ForEachOp$OfRef.accept(ForEachOps.java:183)
	at java.base/java.util.stream.ReferencePipeline$3$1.accept(ReferencePipeline.java:197)
	at java.base/java.util.Iterator.forEachRemaining(Iterator.java:133)
	at java.base/java.util.Spliterators$IteratorSpliterator.forEachRemaining(Spliterators.java:1921)
	at java.base/java.util.stream.AbstractPipeline.copyInto(AbstractPipeline.java:509)
	at java.base/java.util.stream.AbstractPipeline.wrapAndCopyInto(AbstractPipeline.java:499)
	at java.base/java.util.stream.ForEachOps$ForEachOp.evaluateSequential(ForEachOps.java:150)
	at java.base/java.util.stream.ForEachOps$ForEachOp$OfRef.evaluateSequential(ForEachOps.java:173)
	at java.base/java.util.stream.AbstractPipeline.evaluate(AbstractPipeline.java:234)
	at java.base/java.util.stream.ReferencePipeline.forEach(ReferencePipeline.java:596)
	at org.junit.vintage.engine.VintageTestEngine.executeAllChildren(VintageTestEngine.java:82)
	at org.junit.vintage.engine.VintageTestEngine.execute(VintageTestEngine.java:73)
	at org.junit.platform.launcher.core.EngineExecutionOrchestrator.execute(EngineExecutionOrchestrator.java:107)
	at org.junit.platform.launcher.core.EngineExecutionOrchestrator.execute(EngineExecutionOrchestrator.java:88)
	at org.junit.platform.launcher.core.EngineExecutionOrchestrator.lambda$execute$0(EngineExecutionOrchestrator.java:54)
	at org.junit.platform.launcher.core.EngineExecutionOrchestrator.withInterceptedStreams(EngineExecutionOrchestrator.java:67)
	at org.junit.platform.launcher.core.EngineExecutionOrchestrator.execute(EngineExecutionOrchestrator.java:52)
	at org.junit.platform.launcher.core.DefaultLauncher.execute(DefaultLauncher.java:114)
	at org.junit.platform.launcher.core.DefaultLauncher.execute(DefaultLauncher.java:86)
	at org.junit.platform.launcher.core.DefaultLauncherSession$DelegatingLauncher.execute(DefaultLauncherSession.java:86)
	at org.apache.maven.surefire.junitplatform.LazyLauncher.execute(LazyLauncher.java:55)
	at org.apache.maven.surefire.junitplatform.JUnitPlatformProvider.execute(JUnitPlatformProvider.java:223)
	at org.apache.maven.surefire.junitplatform.JUnitPlatformProvider.invokeAllTests(JUnitPlatformProvider.java:175)
	at org.apache.maven.surefire.junitplatform.JUnitPlatformProvider.invoke(JUnitPlatformProvider.java:139)
	at org.apache.maven.surefire.booter.ForkedBooter.runSuitesInProcess(ForkedBooter.java:456)
	at org.apache.maven.surefire.booter.ForkedBooter.execute(ForkedBooter.java:169)
	at org.apache.maven.surefire.booter.ForkedBooter.run(ForkedBooter.java:595)
	at org.apache.maven.surefire.booter.ForkedBooter.main(ForkedBooter.java:581)
Caused by: java.net.SocketException: test socket exception
	at com.google.cloud.pso.bq_snapshot_manager.helpers.ControllerExceptionHelperTest.testNestedRetryableException(ControllerExceptionHelperTest.java:177)
	... 49 more
]]></system-err>
  </testcase>
</testsuite>