<?xml version="1.0" encoding="UTF-8"?>
<testsuite xmlns:xsi="http://www.w3.org/2001/XMLSchema-instance" xsi:noNamespaceSchemaLocation="https://maven.apache.org/surefire/maven-surefire-plugin/xsd/surefire-test-report-3.0.xsd" version="3.0" name="com.google.cloud.pso.bq_snapshot_manager.entities.BackupPolicyTest" time="0.006" tests="15" errors="0" skipped="0" failures="0">
  <properties>
    <property name="java.specification.version" value="19"/>
    <property name="sun.jnu.encoding" value="UTF-8"/>
    <property name="java.class.path" value="/Users/wadie/Projects/bq-backup-manager/services/library/target/test-classes:/Users/wadie/Projects/bq-backup-manager/services/library/target/classes:/Users/wadie/.m2/repository/org/springframework/boot/spring-boot-starter/2.6.7/spring-boot-starter-2.6.7.jar:/Users/wadie/.m2/repository/org/springframework/boot/spring-boot/2.6.7/spring-boot-2.6.7.jar:/Users/wadie/.m2/repository/org/springframework/spring-context/5.3.19/spring-context-5.3.19.jar:/Users/wadie/.m2/repository/org/springframework/boot/spring-boot-autoconfigure/2.6.7/spring-boot-autoconfigure-2.6.7.jar:/Users/wadie/.m2/repository/org/springframework/boot/spring-boot-starter-logging/2.6.7/spring-boot-starter-logging-2.6.7.jar:/Users/wadie/.m2/repository/org/apache/logging/log4j/log4j-to-slf4j/2.17.2/log4j-to-slf4j-2.17.2.jar:/Users/wadie/.m2/repository/org/apache/logging/log4j/log4j-api/2.17.2/log4j-api-2.17.2.jar:/Users/wadie/.m2/repository/org/slf4j/jul-to-slf4j/1.7.36/jul-to-slf4j-1.7.36.jar:/Users/wadie/.m2/repository/jakarta/annotation/jakarta.annotation-api/1.3.5/jakarta.annotation-api-1.3.5.jar:/Users/wadie/.m2/repository/org/springframework/spring-core/5.3.19/spring-core-5.3.19.jar:/Users/wadie/.m2/repository/org/springframework/spring-jcl/5.3.19/spring-jcl-5.3.19.jar:/Users/wadie/.m2/repository/org/yaml/snakeyaml/1.29/snakeyaml-1.29.jar:/Users/wadie/.m2/repository/org/springframework/boot/spring-boot-starter-test/2.6.7/spring-boot-starter-test-2.6.7.jar:/Users/wadie/.m2/repository/org/springframework/boot/spring-boot-test/2.6.7/spring-boot-test-2.6.7.jar:/Users/wadie/.m2/repository/org/springframework/boot/spring-boot-test-autoconfigure/2.6.7/spring-boot-test-autoconfigure-2.6.7.jar:/Users/wadie/.m2/repository/com/jayway/jsonpath/json-path/2.6.0/json-path-2.6.0.jar:/Users/wadie/.m2/repository/net/minidev/json-smart/2.4.8/json-smart-2.4.8.jar:/Users/wadie/.m2/repository/net/minidev/accessors-smart/2.4.8/accessors-smart-2.4.8.jar:/Users/wadie/.m2/repository/org/ow2/asm/asm/9.1/asm-9.1.jar:/Users/wadie/.m2/repository/jakarta/xml/bind/jakarta.xml.bind-api/2.3.3/jakarta.xml.bind-api-2.3.3.jar:/Users/wadie/.m2/repository/jakarta/activation/jakarta.activation-api/1.2.2/jakarta.activation-api-1.2.2.jar:/Users/wadie/.m2/repository/org/assertj/assertj-core/3.21.0/assertj-core-3.21.0.jar:/Users/wadie/.m2/repository/org/hamcrest/hamcrest/2.2/hamcrest-2.2.jar:/Users/wadie/.m2/repository/org/junit/jupiter/junit-jupiter/5.8.2/junit-jupiter-5.8.2.jar:/Users/wadie/.m2/repository/org/junit/jupiter/junit-jupiter-api/5.8.2/junit-jupiter-api-5.8.2.jar:/Users/wadie/.m2/repository/org/junit/jupiter/junit-jupiter-params/5.8.2/junit-jupiter-params-5.8.2.jar:/Users/wadie/.m2/repository/org/junit/jupiter/junit-jupiter-engine/5.8.2/junit-jupiter-engine-5.8.2.jar:/Users/wadie/.m2/repository/org/mockito/mockito-junit-jupiter/4.0.0/mockito-junit-jupiter-4.0.0.jar:/Users/wadie/.m2/repository/org/skyscreamer/jsonassert/1.5.0/jsonassert-1.5.0.jar:/Users/wadie/.m2/repository/com/vaadin/external/google/android-json/0.0.20131108.vaadin1/android-json-0.0.20131108.vaadin1.jar:/Users/wadie/.m2/repository/org/springframework/spring-test/5.3.19/spring-test-5.3.19.jar:/Users/wadie/.m2/repository/org/xmlunit/xmlunit-core/2.8.4/xmlunit-core-2.8.4.jar:/Users/wadie/.m2/repository/com/google/cloud/google-cloud-storage/2.12.0/google-cloud-storage-2.12.0.jar:/Users/wadie/.m2/repository/com/google/guava/guava/31.1-jre/guava-31.1-jre.jar:/Users/wadie/.m2/repository/com/google/guava/failureaccess/1.0.1/failureaccess-1.0.1.jar:/Users/wadie/.m2/repository/com/google/guava/listenablefuture/9999.0-empty-to-avoid-conflict-with-guava/listenablefuture-9999.0-empty-to-avoid-conflict-with-guava.jar:/Users/wadie/.m2/repository/org/checkerframework/checker-qual/3.25.0/checker-qual-3.25.0.jar:/Users/wadie/.m2/repository/com/google/j2objc/j2objc-annotations/1.3/j2objc-annotations-1.3.jar:/Users/wadie/.m2/repository/com/google/http-client/google-http-client/1.42.2/google-http-client-1.42.2.jar:/Users/wadie/.m2/repository/io/opencensus/opencensus-contrib-http-util/0.31.1/opencensus-contrib-http-util-0.31.1.jar:/Users/wadie/.m2/repository/com/google/http-client/google-http-client-jackson2/1.42.2/google-http-client-jackson2-1.42.2.jar:/Users/wadie/.m2/repository/com/google/api-client/google-api-client/2.0.0/google-api-client-2.0.0.jar:/Users/wadie/.m2/repository/com/google/oauth-client/google-oauth-client/1.34.1/google-oauth-client-1.34.1.jar:/Users/wadie/.m2/repository/com/google/http-client/google-http-client-gson/1.42.2/google-http-client-gson-1.42.2.jar:/Users/wadie/.m2/repository/com/google/http-client/google-http-client-apache-v2/1.42.2/google-http-client-apache-v2-1.42.2.jar:/Users/wadie/.m2/repository/com/google/apis/google-api-services-storage/v1-rev20220705-2.0.0/google-api-services-storage-v1-rev20220705-2.0.0.jar:/Users/wadie/.m2/repository/com/google/code/gson/gson/2.8.9/gson-2.8.9.jar:/Users/wadie/.m2/repository/com/google/cloud/google-cloud-core/2.8.12/google-cloud-core-2.8.12.jar:/Users/wadie/.m2/repository/com/google/auto/value/auto-value-annotations/1.9/auto-value-annotations-1.9.jar:/Users/wadie/.m2/repository/com/google/api/grpc/proto-google-common-protos/2.9.2/proto-google-common-protos-2.9.2.jar:/Users/wadie/.m2/repository/com/google/cloud/google-cloud-core-http/2.8.12/google-cloud-core-http-2.8.12.jar:/Users/wadie/.m2/repository/com/google/http-client/google-http-client-appengine/1.42.2/google-http-client-appengine-1.42.2.jar:/Users/wadie/.m2/repository/com/google/api/gax-httpjson/0.104.1/gax-httpjson-0.104.1.jar:/Users/wadie/.m2/repository/com/google/api/gax/2.19.1/gax-2.19.1.jar:/Users/wadie/.m2/repository/com/google/auth/google-auth-library-credentials/1.11.0/google-auth-library-credentials-1.11.0.jar:/Users/wadie/.m2/repository/com/google/auth/google-auth-library-oauth2-http/1.11.0/google-auth-library-oauth2-http-1.11.0.jar:/Users/wadie/.m2/repository/com/google/api/api-common/2.2.1/api-common-2.2.1.jar:/Users/wadie/.m2/repository/javax/annotation/javax.annotation-api/1.3.2/javax.annotation-api-1.3.2.jar:/Users/wadie/.m2/repository/io/opencensus/opencensus-api/0.31.1/opencensus-api-0.31.1.jar:/Users/wadie/.m2/repository/io/grpc/grpc-context/1.49.0/grpc-context-1.49.0.jar:/Users/wadie/.m2/repository/com/google/api/grpc/proto-google-iam-v1/1.5.2/proto-google-iam-v1-1.5.2.jar:/Users/wadie/.m2/repository/com/google/protobuf/protobuf-java/3.21.6/protobuf-java-3.21.6.jar:/Users/wadie/.m2/repository/com/google/protobuf/protobuf-java-util/3.21.6/protobuf-java-util-3.21.6.jar:/Users/wadie/.m2/repository/org/threeten/threetenbp/1.6.1/threetenbp-1.6.1.jar:/Users/wadie/.m2/repository/com/fasterxml/jackson/core/jackson-core/2.13.2/jackson-core-2.13.2.jar:/Users/wadie/.m2/repository/com/google/code/findbugs/jsr305/3.0.2/jsr305-3.0.2.jar:/Users/wadie/.m2/repository/org/springframework/boot/spring-boot-starter-web/2.6.7/spring-boot-starter-web-2.6.7.jar:/Users/wadie/.m2/repository/org/springframework/boot/spring-boot-starter-json/2.6.7/spring-boot-starter-json-2.6.7.jar:/Users/wadie/.m2/repository/com/fasterxml/jackson/datatype/jackson-datatype-jdk8/2.13.2/jackson-datatype-jdk8-2.13.2.jar:/Users/wadie/.m2/repository/com/fasterxml/jackson/module/jackson-module-parameter-names/2.13.2/jackson-module-parameter-names-2.13.2.jar:/Users/wadie/.m2/repository/org/springframework/boot/spring-boot-starter-tomcat/2.6.7/spring-boot-starter-tomcat-2.6.7.jar:/Users/wadie/.m2/repository/org/apache/tomcat/embed/tomcat-embed-core/9.0.62/tomcat-embed-core-9.0.62.jar:/Users/wadie/.m2/repository/org/apache/tomcat/embed/tomcat-embed-el/9.0.62/tomcat-embed-el-9.0.62.jar:/Users/wadie/.m2/repository/org/apache/tomcat/embed/tomcat-embed-websocket/9.0.62/tomcat-embed-websocket-9.0.62.jar:/Users/wadie/.m2/repository/org/springframework/spring-web/5.3.19/spring-web-5.3.19.jar:/Users/wadie/.m2/repository/org/springframework/spring-beans/5.3.19/spring-beans-5.3.19.jar:/Users/wadie/.m2/repository/org/springframework/spring-webmvc/5.3.19/spring-webmvc-5.3.19.jar:/Users/wadie/.m2/repository/org/springframework/spring-aop/5.3.19/spring-aop-5.3.19.jar:/Users/wadie/.m2/repository/org/springframework/spring-expression/5.3.19/spring-expression-5.3.19.jar:/Users/wadie/.m2/repository/org/apache/commons/commons-lang3/3.12.0/commons-lang3-3.12.0.jar:/Users/wadie/.m2/repository/junit/junit/4.13.2/junit-4.13.2.jar:/Users/wadie/.m2/repository/org/hamcrest/hamcrest-core/2.2/hamcrest-core-2.2.jar:/Users/wadie/.m2/repository/com/google/cloud/google-cloud-pubsub/1.120.16/google-cloud-pubsub-1.120.16.jar:/Users/wadie/.m2/repository/io/grpc/grpc-api/1.49.0/grpc-api-1.49.0.jar:/Users/wadie/.m2/repository/io/grpc/grpc-stub/1.49.0/grpc-stub-1.49.0.jar:/Users/wadie/.m2/repository/io/grpc/grpc-protobuf/1.49.0/grpc-protobuf-1.49.0.jar:/Users/wadie/.m2/repository/io/grpc/grpc-protobuf-lite/1.49.0/grpc-protobuf-lite-1.49.0.jar:/Users/wadie/.m2/repository/com/google/api/grpc/proto-google-cloud-pubsub-v1/1.102.16/proto-google-cloud-pubsub-v1-1.102.16.jar:/Users/wadie/.m2/repository/com/google/api/gax-grpc/2.19.1/gax-grpc-2.19.1.jar:/Users/wadie/.m2/repository/io/grpc/grpc-alts/1.49.0/grpc-alts-1.49.0.jar:/Users/wadie/.m2/repository/io/grpc/grpc-grpclb/1.49.0/grpc-grpclb-1.49.0.jar:/Users/wadie/.m2/repository/org/conscrypt/conscrypt-openjdk-uber/2.5.2/conscrypt-openjdk-uber-2.5.2.jar:/Users/wadie/.m2/repository/io/grpc/grpc-auth/1.49.0/grpc-auth-1.49.0.jar:/Users/wadie/.m2/repository/io/grpc/grpc-netty-shaded/1.49.0/grpc-netty-shaded-1.49.0.jar:/Users/wadie/.m2/repository/io/grpc/grpc-googleapis/1.49.0/grpc-googleapis-1.49.0.jar:/Users/wadie/.m2/repository/io/grpc/grpc-xds/1.49.0/grpc-xds-1.49.0.jar:/Users/wadie/.m2/repository/io/opencensus/opencensus-proto/0.2.0/opencensus-proto-0.2.0.jar:/Users/wadie/.m2/repository/io/grpc/grpc-services/1.49.0/grpc-services-1.49.0.jar:/Users/wadie/.m2/repository/com/google/re2j/re2j/1.6/re2j-1.6.jar:/Users/wadie/.m2/repository/io/grpc/grpc-core/1.49.0/grpc-core-1.49.0.jar:/Users/wadie/.m2/repository/com/google/android/annotations/4.1.1.4/annotations-4.1.1.4.jar:/Users/wadie/.m2/repository/org/codehaus/mojo/animal-sniffer-annotations/1.22/animal-sniffer-annotations-1.22.jar:/Users/wadie/.m2/repository/io/perfmark/perfmark-api/0.25.0/perfmark-api-0.25.0.jar:/Users/wadie/.m2/repository/com/google/errorprone/error_prone_annotations/2.15.0/error_prone_annotations-2.15.0.jar:/Users/wadie/.m2/repository/org/apache/httpcomponents/httpclient/4.5.13/httpclient-4.5.13.jar:/Users/wadie/.m2/repository/commons-logging/commons-logging/1.2/commons-logging-1.2.jar:/Users/wadie/.m2/repository/commons-codec/commons-codec/1.15/commons-codec-1.15.jar:/Users/wadie/.m2/repository/org/apache/httpcomponents/httpcore/4.4.15/httpcore-4.4.15.jar:/Users/wadie/.m2/repository/com/google/cloud/google-cloud-bigquery/2.16.1/google-cloud-bigquery-2.16.1.jar:/Users/wadie/.m2/repository/org/checkerframework/checker-compat-qual/2.5.5/checker-compat-qual-2.5.5.jar:/Users/wadie/.m2/repository/com/google/apis/google-api-services-bigquery/v2-rev20220827-2.0.0/google-api-services-bigquery-v2-rev20220827-2.0.0.jar:/Users/wadie/.m2/repository/org/threeten/threeten-extra/1.7.1/threeten-extra-1.7.1.jar:/Users/wadie/.m2/repository/com/google/cloud/google-cloud-bigquerystorage/2.21.0/google-cloud-bigquerystorage-2.21.0.jar:/Users/wadie/.m2/repository/com/google/auto/value/auto-value/1.9/auto-value-1.9.jar:/Users/wadie/.m2/repository/com/google/api/grpc/proto-google-cloud-bigquerystorage-v1beta1/0.145.0/proto-google-cloud-bigquerystorage-v1beta1-0.145.0.jar:/Users/wadie/.m2/repository/com/google/api/grpc/proto-google-cloud-bigquerystorage-v1beta2/0.145.0/proto-google-cloud-bigquerystorage-v1beta2-0.145.0.jar:/Users/wadie/.m2/repository/org/json/json/20200518/json-20200518.jar:/Users/wadie/.m2/repository/com/google/api/grpc/grpc-google-cloud-bigquerystorage-v1beta1/0.145.0/grpc-google-cloud-bigquerystorage-v1beta1-0.145.0.jar:/Users/wadie/.m2/repository/com/google/api/grpc/grpc-google-cloud-bigquerystorage-v1beta2/0.145.0/grpc-google-cloud-bigquerystorage-v1beta2-0.145.0.jar:/Users/wadie/.m2/repository/com/google/api/grpc/grpc-google-cloud-bigquerystorage-v1/2.21.0/grpc-google-cloud-bigquerystorage-v1-2.21.0.jar:/Users/wadie/.m2/repository/com/google/api/grpc/proto-google-cloud-bigquerystorage-v1/2.21.0/proto-google-cloud-bigquerystorage-v1-2.21.0.jar:/Users/wadie/.m2/repository/org/apache/arrow/arrow-vector/9.0.0/arrow-vector-9.0.0.jar:/Users/wadie/.m2/repository/org/apache/arrow/arrow-format/9.0.0/arrow-format-9.0.0.jar:/Users/wadie/.m2/repository/com/fasterxml/jackson/core/jackson-annotations/2.13.2/jackson-annotations-2.13.2.jar:/Users/wadie/.m2/repository/com/fasterxml/jackson/core/jackson-databind/2.13.2.1/jackson-databind-2.13.2.1.jar:/Users/wadie/.m2/repository/com/fasterxml/jackson/datatype/jackson-datatype-jsr310/2.13.2/jackson-datatype-jsr310-2.13.2.jar:/Users/wadie/.m2/repository/io/netty/netty-common/4.1.76.Final/netty-common-4.1.76.Final.jar:/Users/wadie/.m2/repository/com/google/flatbuffers/flatbuffers-java/1.12.0/flatbuffers-java-1.12.0.jar:/Users/wadie/.m2/repository/org/apache/arrow/arrow-memory-core/9.0.0/arrow-memory-core-9.0.0.jar:/Users/wadie/.m2/repository/org/apache/arrow/arrow-memory-netty/9.0.0/arrow-memory-netty-9.0.0.jar:/Users/wadie/.m2/repository/io/netty/netty-buffer/4.1.76.Final/netty-buffer-4.1.76.Final.jar:/Users/wadie/.m2/repository/com/google/cloud/functions/functions-framework-api/1.0.4/functions-framework-api-1.0.4.jar:/Users/wadie/.m2/repository/io/cloudevents/cloudevents-api/2.0.0.RC2/cloudevents-api-2.0.0.RC2.jar:/Users/wadie/.m2/repository/com/google/cloud/google-cloud-datacatalog/1.9.4/google-cloud-datacatalog-1.9.4.jar:/Users/wadie/.m2/repository/com/google/api/grpc/proto-google-cloud-datacatalog-v1/1.9.4/proto-google-cloud-datacatalog-v1-1.9.4.jar:/Users/wadie/.m2/repository/com/google/api/grpc/proto-google-cloud-datacatalog-v1beta1/0.46.4/proto-google-cloud-datacatalog-v1beta1-0.46.4.jar:/Users/wadie/.m2/repository/com/google/cloud/google-cloud-datastore/2.11.2/google-cloud-datastore-2.11.2.jar:/Users/wadie/.m2/repository/com/google/api/grpc/grpc-google-cloud-datastore-admin-v1/2.11.2/grpc-google-cloud-datastore-admin-v1-2.11.2.jar:/Users/wadie/.m2/repository/com/google/api/grpc/proto-google-cloud-datastore-v1/0.102.2/proto-google-cloud-datastore-v1-0.102.2.jar:/Users/wadie/.m2/repository/com/google/api/grpc/proto-google-cloud-datastore-admin-v1/2.11.2/proto-google-cloud-datastore-admin-v1-2.11.2.jar:/Users/wadie/.m2/repository/com/google/cloud/datastore/datastore-v1-proto-client/2.11.2/datastore-v1-proto-client-2.11.2.jar:/Users/wadie/.m2/repository/com/google/http-client/google-http-client-protobuf/1.42.2/google-http-client-protobuf-1.42.2.jar:/Users/wadie/.m2/repository/com/google/apis/google-api-services-cloudresourcemanager/v3-rev20220828-2.0.0/google-api-services-cloudresourcemanager-v3-rev20220828-2.0.0.jar:/Users/wadie/.m2/repository/com/google/apis/google-api-services-iam/v1-rev20220509-1.32.1/google-api-services-iam-v1-rev20220509-1.32.1.jar:/Users/wadie/.m2/repository/org/mockito/mockito-core/4.5.1/mockito-core-4.5.1.jar:/Users/wadie/.m2/repository/net/bytebuddy/byte-buddy/1.11.22/byte-buddy-1.11.22.jar:/Users/wadie/.m2/repository/net/bytebuddy/byte-buddy-agent/1.11.22/byte-buddy-agent-1.11.22.jar:/Users/wadie/.m2/repository/org/objenesis/objenesis/3.2/objenesis-3.2.jar:/Users/wadie/.m2/repository/org/slf4j/slf4j-api/1.7.36/slf4j-api-1.7.36.jar:/Users/wadie/.m2/repository/net/logstash/logback/logstash-logback-encoder/7.0.1/logstash-logback-encoder-7.0.1.jar:/Users/wadie/.m2/repository/ch/qos/logback/logback-classic/1.2.11/logback-classic-1.2.11.jar:/Users/wadie/.m2/repository/ch/qos/logback/logback-core/1.2.11/logback-core-1.2.11.jar:/Users/wadie/.m2/repository/org/junit/vintage/junit-vintage-engine/5.7.0/junit-vintage-engine-5.7.0.jar:/Users/wadie/.m2/repository/org/apiguardian/apiguardian-api/1.1.0/apiguardian-api-1.1.0.jar:/Users/wadie/.m2/repository/org/junit/platform/junit-platform-engine/1.8.2/junit-platform-engine-1.8.2.jar:/Users/wadie/.m2/repository/org/opentest4j/opentest4j/1.2.0/opentest4j-1.2.0.jar:/Users/wadie/.m2/repository/org/junit/platform/junit-platform-commons/1.8.2/junit-platform-commons-1.8.2.jar:"/>
    <property name="java.vm.vendor" value="Homebrew"/>
    <property name="sun.arch.data.model" value="64"/>
    <property name="java.vendor.url" value="https://github.com/Homebrew/homebrew-core/issues"/>
    <property name="user.timezone" value="Europe/Berlin"/>
    <property name="os.name" value="Mac OS X"/>
    <property name="java.vm.specification.version" value="19"/>
    <property name="sun.java.launcher" value="SUN_STANDARD"/>
    <property name="user.country" value="DE"/>
    <property name="sun.boot.library.path" value="/opt/homebrew/Cellar/openjdk/19/libexec/openjdk.jdk/Contents/Home/lib"/>
    <property name="sun.java.command" value="/Users/wadie/Projects/bq-backup-manager/services/library/target/surefire/surefirebooter-20230616154421278_3.jar /Users/wadie/Projects/bq-backup-manager/services/library/target/surefire 2023-06-16T15-44-21_156-jvmRun1 surefire-20230616154421278_1tmp surefire_0-20230616154421278_2tmp"/>
    <property name="http.nonProxyHosts" value="local|*.local|169.254/16|*.169.254/16"/>
    <property name="jdk.debug" value="release"/>
    <property name="surefire.test.class.path" value="/Users/wadie/Projects/bq-backup-manager/services/library/target/test-classes:/Users/wadie/Projects/bq-backup-manager/services/library/target/classes:/Users/wadie/.m2/repository/org/springframework/boot/spring-boot-starter/2.6.7/spring-boot-starter-2.6.7.jar:/Users/wadie/.m2/repository/org/springframework/boot/spring-boot/2.6.7/spring-boot-2.6.7.jar:/Users/wadie/.m2/repository/org/springframework/spring-context/5.3.19/spring-context-5.3.19.jar:/Users/wadie/.m2/repository/org/springframework/boot/spring-boot-autoconfigure/2.6.7/spring-boot-autoconfigure-2.6.7.jar:/Users/wadie/.m2/repository/org/springframework/boot/spring-boot-starter-logging/2.6.7/spring-boot-starter-logging-2.6.7.jar:/Users/wadie/.m2/repository/org/apache/logging/log4j/log4j-to-slf4j/2.17.2/log4j-to-slf4j-2.17.2.jar:/Users/wadie/.m2/repository/org/apache/logging/log4j/log4j-api/2.17.2/log4j-api-2.17.2.jar:/Users/wadie/.m2/repository/org/slf4j/jul-to-slf4j/1.7.36/jul-to-slf4j-1.7.36.jar:/Users/wadie/.m2/repository/jakarta/annotation/jakarta.annotation-api/1.3.5/jakarta.annotation-api-1.3.5.jar:/Users/wadie/.m2/repository/org/springframework/spring-core/5.3.19/spring-core-5.3.19.jar:/Users/wadie/.m2/repository/org/springframework/spring-jcl/5.3.19/spring-jcl-5.3.19.jar:/Users/wadie/.m2/repository/org/yaml/snakeyaml/1.29/snakeyaml-1.29.jar:/Users/wadie/.m2/repository/org/springframework/boot/spring-boot-starter-test/2.6.7/spring-boot-starter-test-2.6.7.jar:/Users/wadie/.m2/repository/org/springframework/boot/spring-boot-test/2.6.7/spring-boot-test-2.6.7.jar:/Users/wadie/.m2/repository/org/springframework/boot/spring-boot-test-autoconfigure/2.6.7/spring-boot-test-autoconfigure-2.6.7.jar:/Users/wadie/.m2/repository/com/jayway/jsonpath/json-path/2.6.0/json-path-2.6.0.jar:/Users/wadie/.m2/repository/net/minidev/json-smart/2.4.8/json-smart-2.4.8.jar:/Users/wadie/.m2/repository/net/minidev/accessors-smart/2.4.8/accessors-smart-2.4.8.jar:/Users/wadie/.m2/repository/org/ow2/asm/asm/9.1/asm-9.1.jar:/Users/wadie/.m2/repository/jakarta/xml/bind/jakarta.xml.bind-api/2.3.3/jakarta.xml.bind-api-2.3.3.jar:/Users/wadie/.m2/repository/jakarta/activation/jakarta.activation-api/1.2.2/jakarta.activation-api-1.2.2.jar:/Users/wadie/.m2/repository/org/assertj/assertj-core/3.21.0/assertj-core-3.21.0.jar:/Users/wadie/.m2/repository/org/hamcrest/hamcrest/2.2/hamcrest-2.2.jar:/Users/wadie/.m2/repository/org/junit/jupiter/junit-jupiter/5.8.2/junit-jupiter-5.8.2.jar:/Users/wadie/.m2/repository/org/junit/jupiter/junit-jupiter-api/5.8.2/junit-jupiter-api-5.8.2.jar:/Users/wadie/.m2/repository/org/junit/jupiter/junit-jupiter-params/5.8.2/junit-jupiter-params-5.8.2.jar:/Users/wadie/.m2/repository/org/junit/jupiter/junit-jupiter-engine/5.8.2/junit-jupiter-engine-5.8.2.jar:/Users/wadie/.m2/repository/org/mockito/mockito-junit-jupiter/4.0.0/mockito-junit-jupiter-4.0.0.jar:/Users/wadie/.m2/repository/org/skyscreamer/jsonassert/1.5.0/jsonassert-1.5.0.jar:/Users/wadie/.m2/repository/com/vaadin/external/google/android-json/0.0.20131108.vaadin1/android-json-0.0.20131108.vaadin1.jar:/Users/wadie/.m2/repository/org/springframework/spring-test/5.3.19/spring-test-5.3.19.jar:/Users/wadie/.m2/repository/org/xmlunit/xmlunit-core/2.8.4/xmlunit-core-2.8.4.jar:/Users/wadie/.m2/repository/com/google/cloud/google-cloud-storage/2.12.0/google-cloud-storage-2.12.0.jar:/Users/wadie/.m2/repository/com/google/guava/guava/31.1-jre/guava-31.1-jre.jar:/Users/wadie/.m2/repository/com/google/guava/failureaccess/1.0.1/failureaccess-1.0.1.jar:/Users/wadie/.m2/repository/com/google/guava/listenablefuture/9999.0-empty-to-avoid-conflict-with-guava/listenablefuture-9999.0-empty-to-avoid-conflict-with-guava.jar:/Users/wadie/.m2/repository/org/checkerframework/checker-qual/3.25.0/checker-qual-3.25.0.jar:/Users/wadie/.m2/repository/com/google/j2objc/j2objc-annotations/1.3/j2objc-annotations-1.3.jar:/Users/wadie/.m2/repository/com/google/http-client/google-http-client/1.42.2/google-http-client-1.42.2.jar:/Users/wadie/.m2/repository/io/opencensus/opencensus-contrib-http-util/0.31.1/opencensus-contrib-http-util-0.31.1.jar:/Users/wadie/.m2/repository/com/google/http-client/google-http-client-jackson2/1.42.2/google-http-client-jackson2-1.42.2.jar:/Users/wadie/.m2/repository/com/google/api-client/google-api-client/2.0.0/google-api-client-2.0.0.jar:/Users/wadie/.m2/repository/com/google/oauth-client/google-oauth-client/1.34.1/google-oauth-client-1.34.1.jar:/Users/wadie/.m2/repository/com/google/http-client/google-http-client-gson/1.42.2/google-http-client-gson-1.42.2.jar:/Users/wadie/.m2/repository/com/google/http-client/google-http-client-apache-v2/1.42.2/google-http-client-apache-v2-1.42.2.jar:/Users/wadie/.m2/repository/com/google/apis/google-api-services-storage/v1-rev20220705-2.0.0/google-api-services-storage-v1-rev20220705-2.0.0.jar:/Users/wadie/.m2/repository/com/google/code/gson/gson/2.8.9/gson-2.8.9.jar:/Users/wadie/.m2/repository/com/google/cloud/google-cloud-core/2.8.12/google-cloud-core-2.8.12.jar:/Users/wadie/.m2/repository/com/google/auto/value/auto-value-annotations/1.9/auto-value-annotations-1.9.jar:/Users/wadie/.m2/repository/com/google/api/grpc/proto-google-common-protos/2.9.2/proto-google-common-protos-2.9.2.jar:/Users/wadie/.m2/repository/com/google/cloud/google-cloud-core-http/2.8.12/google-cloud-core-http-2.8.12.jar:/Users/wadie/.m2/repository/com/google/http-client/google-http-client-appengine/1.42.2/google-http-client-appengine-1.42.2.jar:/Users/wadie/.m2/repository/com/google/api/gax-httpjson/0.104.1/gax-httpjson-0.104.1.jar:/Users/wadie/.m2/repository/com/google/api/gax/2.19.1/gax-2.19.1.jar:/Users/wadie/.m2/repository/com/google/auth/google-auth-library-credentials/1.11.0/google-auth-library-credentials-1.11.0.jar:/Users/wadie/.m2/repository/com/google/auth/google-auth-library-oauth2-http/1.11.0/google-auth-library-oauth2-http-1.11.0.jar:/Users/wadie/.m2/repository/com/google/api/api-common/2.2.1/api-common-2.2.1.jar:/Users/wadie/.m2/repository/javax/annotation/javax.annotation-api/1.3.2/javax.annotation-api-1.3.2.jar:/Users/wadie/.m2/repository/io/opencensus/opencensus-api/0.31.1/opencensus-api-0.31.1.jar:/Users/wadie/.m2/repository/io/grpc/grpc-context/1.49.0/grpc-context-1.49.0.jar:/Users/wadie/.m2/repository/com/google/api/grpc/proto-google-iam-v1/1.5.2/proto-google-iam-v1-1.5.2.jar:/Users/wadie/.m2/repository/com/google/protobuf/protobuf-java/3.21.6/protobuf-java-3.21.6.jar:/Users/wadie/.m2/repository/com/google/protobuf/protobuf-java-util/3.21.6/protobuf-java-util-3.21.6.jar:/Users/wadie/.m2/repository/org/threeten/threetenbp/1.6.1/threetenbp-1.6.1.jar:/Users/wadie/.m2/repository/com/fasterxml/jackson/core/jackson-core/2.13.2/jackson-core-2.13.2.jar:/Users/wadie/.m2/repository/com/google/code/findbugs/jsr305/3.0.2/jsr305-3.0.2.jar:/Users/wadie/.m2/repository/org/springframework/boot/spring-boot-starter-web/2.6.7/spring-boot-starter-web-2.6.7.jar:/Users/wadie/.m2/repository/org/springframework/boot/spring-boot-starter-json/2.6.7/spring-boot-starter-json-2.6.7.jar:/Users/wadie/.m2/repository/com/fasterxml/jackson/datatype/jackson-datatype-jdk8/2.13.2/jackson-datatype-jdk8-2.13.2.jar:/Users/wadie/.m2/repository/com/fasterxml/jackson/module/jackson-module-parameter-names/2.13.2/jackson-module-parameter-names-2.13.2.jar:/Users/wadie/.m2/repository/org/springframework/boot/spring-boot-starter-tomcat/2.6.7/spring-boot-starter-tomcat-2.6.7.jar:/Users/wadie/.m2/repository/org/apache/tomcat/embed/tomcat-embed-core/9.0.62/tomcat-embed-core-9.0.62.jar:/Users/wadie/.m2/repository/org/apache/tomcat/embed/tomcat-embed-el/9.0.62/tomcat-embed-el-9.0.62.jar:/Users/wadie/.m2/repository/org/apache/tomcat/embed/tomcat-embed-websocket/9.0.62/tomcat-embed-websocket-9.0.62.jar:/Users/wadie/.m2/repository/org/springframework/spring-web/5.3.19/spring-web-5.3.19.jar:/Users/wadie/.m2/repository/org/springframework/spring-beans/5.3.19/spring-beans-5.3.19.jar:/Users/wadie/.m2/repository/org/springframework/spring-webmvc/5.3.19/spring-webmvc-5.3.19.jar:/Users/wadie/.m2/repository/org/springframework/spring-aop/5.3.19/spring-aop-5.3.19.jar:/Users/wadie/.m2/repository/org/springframework/spring-expression/5.3.19/spring-expression-5.3.19.jar:/Users/wadie/.m2/repository/org/apache/commons/commons-lang3/3.12.0/commons-lang3-3.12.0.jar:/Users/wadie/.m2/repository/junit/junit/4.13.2/junit-4.13.2.jar:/Users/wadie/.m2/repository/org/hamcrest/hamcrest-core/2.2/hamcrest-core-2.2.jar:/Users/wadie/.m2/repository/com/google/cloud/google-cloud-pubsub/1.120.16/google-cloud-pubsub-1.120.16.jar:/Users/wadie/.m2/repository/io/grpc/grpc-api/1.49.0/grpc-api-1.49.0.jar:/Users/wadie/.m2/repository/io/grpc/grpc-stub/1.49.0/grpc-stub-1.49.0.jar:/Users/wadie/.m2/repository/io/grpc/grpc-protobuf/1.49.0/grpc-protobuf-1.49.0.jar:/Users/wadie/.m2/repository/io/grpc/grpc-protobuf-lite/1.49.0/grpc-protobuf-lite-1.49.0.jar:/Users/wadie/.m2/repository/com/google/api/grpc/proto-google-cloud-pubsub-v1/1.102.16/proto-google-cloud-pubsub-v1-1.102.16.jar:/Users/wadie/.m2/repository/com/google/api/gax-grpc/2.19.1/gax-grpc-2.19.1.jar:/Users/wadie/.m2/repository/io/grpc/grpc-alts/1.49.0/grpc-alts-1.49.0.jar:/Users/wadie/.m2/repository/io/grpc/grpc-grpclb/1.49.0/grpc-grpclb-1.49.0.jar:/Users/wadie/.m2/repository/org/conscrypt/conscrypt-openjdk-uber/2.5.2/conscrypt-openjdk-uber-2.5.2.jar:/Users/wadie/.m2/repository/io/grpc/grpc-auth/1.49.0/grpc-auth-1.49.0.jar:/Users/wadie/.m2/repository/io/grpc/grpc-netty-shaded/1.49.0/grpc-netty-shaded-1.49.0.jar:/Users/wadie/.m2/repository/io/grpc/grpc-googleapis/1.49.0/grpc-googleapis-1.49.0.jar:/Users/wadie/.m2/repository/io/grpc/grpc-xds/1.49.0/grpc-xds-1.49.0.jar:/Users/wadie/.m2/repository/io/opencensus/opencensus-proto/0.2.0/opencensus-proto-0.2.0.jar:/Users/wadie/.m2/repository/io/grpc/grpc-services/1.49.0/grpc-services-1.49.0.jar:/Users/wadie/.m2/repository/com/google/re2j/re2j/1.6/re2j-1.6.jar:/Users/wadie/.m2/repository/io/grpc/grpc-core/1.49.0/grpc-core-1.49.0.jar:/Users/wadie/.m2/repository/com/google/android/annotations/4.1.1.4/annotations-4.1.1.4.jar:/Users/wadie/.m2/repository/org/codehaus/mojo/animal-sniffer-annotations/1.22/animal-sniffer-annotations-1.22.jar:/Users/wadie/.m2/repository/io/perfmark/perfmark-api/0.25.0/perfmark-api-0.25.0.jar:/Users/wadie/.m2/repository/com/google/errorprone/error_prone_annotations/2.15.0/error_prone_annotations-2.15.0.jar:/Users/wadie/.m2/repository/org/apache/httpcomponents/httpclient/4.5.13/httpclient-4.5.13.jar:/Users/wadie/.m2/repository/commons-logging/commons-logging/1.2/commons-logging-1.2.jar:/Users/wadie/.m2/repository/commons-codec/commons-codec/1.15/commons-codec-1.15.jar:/Users/wadie/.m2/repository/org/apache/httpcomponents/httpcore/4.4.15/httpcore-4.4.15.jar:/Users/wadie/.m2/repository/com/google/cloud/google-cloud-bigquery/2.16.1/google-cloud-bigquery-2.16.1.jar:/Users/wadie/.m2/repository/org/checkerframework/checker-compat-qual/2.5.5/checker-compat-qual-2.5.5.jar:/Users/wadie/.m2/repository/com/google/apis/google-api-services-bigquery/v2-rev20220827-2.0.0/google-api-services-bigquery-v2-rev20220827-2.0.0.jar:/Users/wadie/.m2/repository/org/threeten/threeten-extra/1.7.1/threeten-extra-1.7.1.jar:/Users/wadie/.m2/repository/com/google/cloud/google-cloud-bigquerystorage/2.21.0/google-cloud-bigquerystorage-2.21.0.jar:/Users/wadie/.m2/repository/com/google/auto/value/auto-value/1.9/auto-value-1.9.jar:/Users/wadie/.m2/repository/com/google/api/grpc/proto-google-cloud-bigquerystorage-v1beta1/0.145.0/proto-google-cloud-bigquerystorage-v1beta1-0.145.0.jar:/Users/wadie/.m2/repository/com/google/api/grpc/proto-google-cloud-bigquerystorage-v1beta2/0.145.0/proto-google-cloud-bigquerystorage-v1beta2-0.145.0.jar:/Users/wadie/.m2/repository/org/json/json/20200518/json-20200518.jar:/Users/wadie/.m2/repository/com/google/api/grpc/grpc-google-cloud-bigquerystorage-v1beta1/0.145.0/grpc-google-cloud-bigquerystorage-v1beta1-0.145.0.jar:/Users/wadie/.m2/repository/com/google/api/grpc/grpc-google-cloud-bigquerystorage-v1beta2/0.145.0/grpc-google-cloud-bigquerystorage-v1beta2-0.145.0.jar:/Users/wadie/.m2/repository/com/google/api/grpc/grpc-google-cloud-bigquerystorage-v1/2.21.0/grpc-google-cloud-bigquerystorage-v1-2.21.0.jar:/Users/wadie/.m2/repository/com/google/api/grpc/proto-google-cloud-bigquerystorage-v1/2.21.0/proto-google-cloud-bigquerystorage-v1-2.21.0.jar:/Users/wadie/.m2/repository/org/apache/arrow/arrow-vector/9.0.0/arrow-vector-9.0.0.jar:/Users/wadie/.m2/repository/org/apache/arrow/arrow-format/9.0.0/arrow-format-9.0.0.jar:/Users/wadie/.m2/repository/com/fasterxml/jackson/core/jackson-annotations/2.13.2/jackson-annotations-2.13.2.jar:/Users/wadie/.m2/repository/com/fasterxml/jackson/core/jackson-databind/2.13.2.1/jackson-databind-2.13.2.1.jar:/Users/wadie/.m2/repository/com/fasterxml/jackson/datatype/jackson-datatype-jsr310/2.13.2/jackson-datatype-jsr310-2.13.2.jar:/Users/wadie/.m2/repository/io/netty/netty-common/4.1.76.Final/netty-common-4.1.76.Final.jar:/Users/wadie/.m2/repository/com/google/flatbuffers/flatbuffers-java/1.12.0/flatbuffers-java-1.12.0.jar:/Users/wadie/.m2/repository/org/apache/arrow/arrow-memory-core/9.0.0/arrow-memory-core-9.0.0.jar:/Users/wadie/.m2/repository/org/apache/arrow/arrow-memory-netty/9.0.0/arrow-memory-netty-9.0.0.jar:/Users/wadie/.m2/repository/io/netty/netty-buffer/4.1.76.Final/netty-buffer-4.1.76.Final.jar:/Users/wadie/.m2/repository/com/google/cloud/functions/functions-framework-api/1.0.4/functions-framework-api-1.0.4.jar:/Users/wadie/.m2/repository/io/cloudevents/cloudevents-api/2.0.0.RC2/cloudevents-api-2.0.0.RC2.jar:/Users/wadie/.m2/repository/com/google/cloud/google-cloud-datacatalog/1.9.4/google-cloud-datacatalog-1.9.4.jar:/Users/wadie/.m2/repository/com/google/api/grpc/proto-google-cloud-datacatalog-v1/1.9.4/proto-google-cloud-datacatalog-v1-1.9.4.jar:/Users/wadie/.m2/repository/com/google/api/grpc/proto-google-cloud-datacatalog-v1beta1/0.46.4/proto-google-cloud-datacatalog-v1beta1-0.46.4.jar:/Users/wadie/.m2/repository/com/google/cloud/google-cloud-datastore/2.11.2/google-cloud-datastore-2.11.2.jar:/Users/wadie/.m2/repository/com/google/api/grpc/grpc-google-cloud-datastore-admin-v1/2.11.2/grpc-google-cloud-datastore-admin-v1-2.11.2.jar:/Users/wadie/.m2/repository/com/google/api/grpc/proto-google-cloud-datastore-v1/0.102.2/proto-google-cloud-datastore-v1-0.102.2.jar:/Users/wadie/.m2/repository/com/google/api/grpc/proto-google-cloud-datastore-admin-v1/2.11.2/proto-google-cloud-datastore-admin-v1-2.11.2.jar:/Users/wadie/.m2/repository/com/google/cloud/datastore/datastore-v1-proto-client/2.11.2/datastore-v1-proto-client-2.11.2.jar:/Users/wadie/.m2/repository/com/google/http-client/google-http-client-protobuf/1.42.2/google-http-client-protobuf-1.42.2.jar:/Users/wadie/.m2/repository/com/google/apis/google-api-services-cloudresourcemanager/v3-rev20220828-2.0.0/google-api-services-cloudresourcemanager-v3-rev20220828-2.0.0.jar:/Users/wadie/.m2/repository/com/google/apis/google-api-services-iam/v1-rev20220509-1.32.1/google-api-services-iam-v1-rev20220509-1.32.1.jar:/Users/wadie/.m2/repository/org/mockito/mockito-core/4.5.1/mockito-core-4.5.1.jar:/Users/wadie/.m2/repository/net/bytebuddy/byte-buddy/1.11.22/byte-buddy-1.11.22.jar:/Users/wadie/.m2/repository/net/bytebuddy/byte-buddy-agent/1.11.22/byte-buddy-agent-1.11.22.jar:/Users/wadie/.m2/repository/org/objenesis/objenesis/3.2/objenesis-3.2.jar:/Users/wadie/.m2/repository/org/slf4j/slf4j-api/1.7.36/slf4j-api-1.7.36.jar:/Users/wadie/.m2/repository/net/logstash/logback/logstash-logback-encoder/7.0.1/logstash-logback-encoder-7.0.1.jar:/Users/wadie/.m2/repository/ch/qos/logback/logback-classic/1.2.11/logback-classic-1.2.11.jar:/Users/wadie/.m2/repository/ch/qos/logback/logback-core/1.2.11/logback-core-1.2.11.jar:/Users/wadie/.m2/repository/org/junit/vintage/junit-vintage-engine/5.7.0/junit-vintage-engine-5.7.0.jar:/Users/wadie/.m2/repository/org/apiguardian/apiguardian-api/1.1.0/apiguardian-api-1.1.0.jar:/Users/wadie/.m2/repository/org/junit/platform/junit-platform-engine/1.8.2/junit-platform-engine-1.8.2.jar:/Users/wadie/.m2/repository/org/opentest4j/opentest4j/1.2.0/opentest4j-1.2.0.jar:/Users/wadie/.m2/repository/org/junit/platform/junit-platform-commons/1.8.2/junit-platform-commons-1.8.2.jar:"/>
    <property name="sun.cpu.endian" value="little"/>
    <property name="user.home" value="/Users/wadie"/>
    <property name="user.language" value="en"/>
    <property name="java.specification.vendor" value="Oracle Corporation"/>
    <property name="java.version.date" value="2022-09-20"/>
    <property name="java.home" value="/opt/homebrew/Cellar/openjdk/19/libexec/openjdk.jdk/Contents/Home"/>
    <property name="file.separator" value="/"/>
    <property name="basedir" value="/Users/wadie/Projects/bq-backup-manager/services/library"/>
    <property name="java.vm.compressedOopsMode" value="Zero based"/>
    <property name="line.separator" value="&#10;"/>
    <property name="java.vm.specification.vendor" value="Oracle Corporation"/>
    <property name="java.specification.name" value="Java Platform API Specification"/>
    <property name="apple.awt.application.name" value="ForkedBooter"/>
    <property name="surefire.real.class.path" value="/Users/wadie/Projects/bq-backup-manager/services/library/target/surefire/surefirebooter-20230616154421278_3.jar"/>
    <property name="sun.management.compiler" value="HotSpot 64-Bit Tiered Compilers"/>
    <property name="ftp.nonProxyHosts" value="local|*.local|169.254/16|*.169.254/16"/>
    <property name="java.runtime.version" value="19"/>
    <property name="user.name" value="wadie"/>
    <property name="stdout.encoding" value="US-ASCII"/>
    <property name="path.separator" value=":"/>
    <property name="os.version" value="13.4"/>
    <property name="java.runtime.name" value="OpenJDK Runtime Environment"/>
    <property name="file.encoding" value="UTF-8"/>
    <property name="java.vm.name" value="OpenJDK 64-Bit Server VM"/>
    <property name="java.vendor.version" value="Homebrew"/>
    <property name="localRepository" value="/Users/wadie/.m2/repository"/>
    <property name="java.vendor.url.bug" value="https://github.com/Homebrew/homebrew-core/issues"/>
    <property name="java.io.tmpdir" value="/var/folders/ms/ysjs9c5n0hb14yllzz8pgk9h00k_pq/T/"/>
    <property name="java.version" value="19"/>
    <property name="user.dir" value="/Users/wadie/Projects/bq-backup-manager/services/library"/>
    <property name="os.arch" value="aarch64"/>
    <property name="java.vm.specification.name" value="Java Virtual Machine Specification"/>
    <property name="native.encoding" value="US-ASCII"/>
    <property name="java.library.path" value="/Users/wadie/Library/Java/Extensions:/Library/Java/Extensions:/Network/Library/Java/Extensions:/System/Library/Java/Extensions:/usr/lib/java:."/>
    <property name="java.vm.info" value="mixed mode, sharing"/>
    <property name="stderr.encoding" value="US-ASCII"/>
    <property name="java.vendor" value="Homebrew"/>
    <property name="java.vm.version" value="19"/>
    <property name="sun.io.unicode.encoding" value="UnicodeBig"/>
    <property name="socksNonProxyHosts" value="local|*.local|169.254/16|*.169.254/16"/>
    <property name="java.class.version" value="63.0"/>
  </properties>
  <testcase name="testFromMapFromFallbackTagManualSubsequent" classname="com.google.cloud.pso.bq_snapshot_manager.entities.BackupPolicyTest" time="0.001"/>
  <testcase name="testValidate_Required" classname="com.google.cloud.pso.bq_snapshot_manager.entities.BackupPolicyTest" time="0"/>
  <testcase name="testFromMapFromFallbackFalse_exception" classname="com.google.cloud.pso.bq_snapshot_manager.entities.BackupPolicyTest" time="0.001"/>
  <testcase name="testMissingValues" classname="com.google.cloud.pso.bq_snapshot_manager.entities.BackupPolicyTest" time="0"/>
  <testcase name="testValidate_GCSSnapshotCSV" classname="com.google.cloud.pso.bq_snapshot_manager.entities.BackupPolicyTest" time="0.001"/>
  <testcase name="testFromMapFromDCTagManualInitial" classname="com.google.cloud.pso.bq_snapshot_manager.entities.BackupPolicyTest" time="0"/>
  <testcase name="testFromMapFromFallbackTagInitial" classname="com.google.cloud.pso.bq_snapshot_manager.entities.BackupPolicyTest" time="0"/>
  <testcase name="testMissing" classname="com.google.cloud.pso.bq_snapshot_manager.entities.BackupPolicyTest" time="0.001"/>
  <testcase name="testFromJson1" classname="com.google.cloud.pso.bq_snapshot_manager.entities.BackupPolicyTest" time="0"/>
  <testcase name="testFromJson2" classname="com.google.cloud.pso.bq_snapshot_manager.entities.BackupPolicyTest" time="0"/>
  <testcase name="testValidate_GCSSnapshot" classname="com.google.cloud.pso.bq_snapshot_manager.entities.BackupPolicyTest" time="0"/>
  <testcase name="testFromMapFromDCTagManualSubsequent" classname="com.google.cloud.pso.bq_snapshot_manager.entities.BackupPolicyTest" time="0"/>
  <testcase name="testValidate_GCSSnapshotAvro" classname="com.google.cloud.pso.bq_snapshot_manager.entities.BackupPolicyTest" time="0"/>
  <testcase name="testInvalid" classname="com.google.cloud.pso.bq_snapshot_manager.entities.BackupPolicyTest" time="0"/>
  <testcase name="testValidate_BQSnapshot" classname="com.google.cloud.pso.bq_snapshot_manager.entities.BackupPolicyTest" time="0"/>
</testsuite>